<?xml version="1.0" encoding="UTF-8"?>
<trace:TraceModel
    xmi:version="2.0"
    xmlns:xmi="http://www.omg.org/XMI"
    xmlns:trace="http://www.eclipse.org/gmf/2006/Trace">
  <nodeTraces
      visualID="2007"
      queryText="(let _eClass_:ecore::EClass = modelFacet.metaClass.ecoreClass in _eClass_.ePackage.nsURI = 'http://www.muml.org/pm/hardware/hwresourceinstance/1.0.0' and _eClass_.name = 'SensorInstance') and (let _containmentMF_:ecore::EStructuralFeature = modelFacet.containmentMetaFeature.ecoreFeature in (let _eClass_:ecore::EClass = _containmentMF_.eContainingClass in _eClass_.ePackage.nsURI = 'http://www.muml.org/pm/hardware/hwresourceinstance/1.0.0' and _eClass_.name = 'ResourceInstanceRepository') and _containmentMF_.name = 'resourceInstances')">
    <nodeLabelTraces
        visualID="5072"
        queryText="true"/>
    <nodeLabelTraces
        visualID="5073"
        queryText="true"/>
    <nodeLabelTraces
        visualID="5074"
        queryText="true"/>
  </nodeTraces>
  <nodeTraces
      visualID="2008"
      queryText="(let _eClass_:ecore::EClass = modelFacet.metaClass.ecoreClass in _eClass_.ePackage.nsURI = 'http://www.muml.org/pm/hardware/hwresourceinstance/1.0.0' and _eClass_.name = 'ActuatorInstance') and (let _containmentMF_:ecore::EStructuralFeature = modelFacet.containmentMetaFeature.ecoreFeature in (let _eClass_:ecore::EClass = _containmentMF_.eContainingClass in _eClass_.ePackage.nsURI = 'http://www.muml.org/pm/hardware/hwresourceinstance/1.0.0' and _eClass_.name = 'ResourceInstanceRepository') and _containmentMF_.name = 'resourceInstances')">
    <nodeLabelTraces
        visualID="5075"
        queryText="true"/>
    <nodeLabelTraces
        visualID="5076"
        queryText="true"/>
    <nodeLabelTraces
        visualID="5077"
        queryText="true"/>
  </nodeTraces>
  <nodeTraces
      visualID="2009"
      queryText="(let _eClass_:ecore::EClass = modelFacet.metaClass.ecoreClass in _eClass_.ePackage.nsURI = 'http://www.muml.org/pm/hardware/hwresourceinstance/1.0.0' and _eClass_.name = 'StructuredResourceInstance') and (let _containmentMF_:ecore::EStructuralFeature = modelFacet.containmentMetaFeature.ecoreFeature in (let _eClass_:ecore::EClass = _containmentMF_.eContainingClass in _eClass_.ePackage.nsURI = 'http://www.muml.org/pm/hardware/hwresourceinstance/1.0.0' and _eClass_.name = 'ResourceInstanceRepository') and _containmentMF_.name = 'resourceInstances')">
    <nodeLabelTraces
        visualID="5101"
        queryText="true"/>
    <nodeLabelTraces
        visualID="5102"
        queryText="true"/>
    <nodeLabelTraces
        visualID="5103"
        queryText="true"/>
    <compartmentTraces
        visualID="7003"
        queryText="true"/>
  </nodeTraces>
  <childNodeTraces
      visualID="3017"
      queryText="(let _eClass_:ecore::EClass = modelFacet.metaClass.ecoreClass in _eClass_.ePackage.nsURI = 'http://www.muml.org/pm/hardware/hwresourceinstance/1.0.0' and _eClass_.name = 'HWPort') and (let _containmentMF_:ecore::EStructuralFeature = modelFacet.containmentMetaFeature.ecoreFeature in (let _eClass_:ecore::EClass = _containmentMF_.eContainingClass in _eClass_.ePackage.nsURI = 'http://www.muml.org/pm/hardware/hwresourceinstance/1.0.0' and _eClass_.name = 'ResourceInstance') and _containmentMF_.name = 'hwports')">
    <nodeLabelTraces
        visualID="5071"
        queryText="true"/>
  </childNodeTraces>
  <childNodeTraces
      visualID="3018"
      queryText="(let _eClass_:ecore::EClass = modelFacet.metaClass.ecoreClass in _eClass_.ePackage.nsURI = 'http://www.muml.org/pm/hardware/hwresourceinstance/1.0.0' and _eClass_.name = 'CacheInstance') and (let _containmentMF_:ecore::EStructuralFeature = modelFacet.containmentMetaFeature.ecoreFeature in (let _eClass_:ecore::EClass = _containmentMF_.eContainingClass in _eClass_.ePackage.nsURI = 'http://www.muml.org/pm/hardware/hwresourceinstance/1.0.0' and _eClass_.name = 'StructuredResourceInstance') and _containmentMF_.name = 'embeddedAtomicResourceInstances')">
    <nodeLabelTraces
        visualID="5078"
        queryText="true"/>
    <nodeLabelTraces
        visualID="5079"
        queryText="true"/>
    <nodeLabelTraces
        visualID="5080"
        queryText="true"/>
    <nodeLabelTraces
        visualID="5081"
        queryText="true"/>
  </childNodeTraces>
  <childNodeTraces
      visualID="3019"
      queryText="(let _eClass_:ecore::EClass = modelFacet.metaClass.ecoreClass in _eClass_.ePackage.nsURI = 'http://www.muml.org/pm/hardware/hwresourceinstance/1.0.0' and _eClass_.name = 'ProgrammableLogicDeviceInstance') and (let _containmentMF_:ecore::EStructuralFeature = modelFacet.containmentMetaFeature.ecoreFeature in (let _eClass_:ecore::EClass = _containmentMF_.eContainingClass in _eClass_.ePackage.nsURI = 'http://www.muml.org/pm/hardware/hwresourceinstance/1.0.0' and _eClass_.name = 'StructuredResourceInstance') and _containmentMF_.name = 'embeddedAtomicResourceInstances')">
    <nodeLabelTraces
        visualID="5082"
        queryText="true"/>
    <nodeLabelTraces
        visualID="5083"
        queryText="true"/>
    <nodeLabelTraces
        visualID="5084"
        queryText="true"/>
    <nodeLabelTraces
        visualID="5085"
        queryText="true"/>
  </childNodeTraces>
  <childNodeTraces
      visualID="3020"
      queryText="(let _eClass_:ecore::EClass = modelFacet.metaClass.ecoreClass in _eClass_.ePackage.nsURI = 'http://www.muml.org/pm/hardware/hwresourceinstance/1.0.0' and _eClass_.name = 'ProcessorInstance') and (let _containmentMF_:ecore::EStructuralFeature = modelFacet.containmentMetaFeature.ecoreFeature in (let _eClass_:ecore::EClass = _containmentMF_.eContainingClass in _eClass_.ePackage.nsURI = 'http://www.muml.org/pm/hardware/hwresourceinstance/1.0.0' and _eClass_.name = 'StructuredResourceInstance') and _containmentMF_.name = 'embeddedAtomicResourceInstances')">
    <nodeLabelTraces
        visualID="5086"
        queryText="true"/>
    <nodeLabelTraces
        visualID="5087"
        queryText="true"/>
    <nodeLabelTraces
        visualID="5088"
        queryText="true"/>
    <nodeLabelTraces
        visualID="5089"
        queryText="true"/>
    <nodeLabelTraces
        visualID="5090"
        queryText="true"/>
  </childNodeTraces>
  <childNodeTraces
      visualID="3021"
      queryText="(let _eClass_:ecore::EClass = modelFacet.metaClass.ecoreClass in _eClass_.ePackage.nsURI = 'http://www.muml.org/pm/hardware/hwresourceinstance/1.0.0' and _eClass_.name = 'ProcessingMemoryInstance') and (let _containmentMF_:ecore::EStructuralFeature = modelFacet.containmentMetaFeature.ecoreFeature in (let _eClass_:ecore::EClass = _containmentMF_.eContainingClass in _eClass_.ePackage.nsURI = 'http://www.muml.org/pm/hardware/hwresourceinstance/1.0.0' and _eClass_.name = 'StructuredResourceInstance') and _containmentMF_.name = 'embeddedAtomicResourceInstances')">
    <nodeLabelTraces
        visualID="5091"
        queryText="true"/>
    <nodeLabelTraces
        visualID="5092"
        queryText="true"/>
    <nodeLabelTraces
        visualID="5093"
        queryText="true"/>
    <nodeLabelTraces
        visualID="5094"
        queryText="true"/>
    <nodeLabelTraces
        visualID="5095"
        queryText="true"/>
  </childNodeTraces>
  <childNodeTraces
      visualID="3022"
      queryText="(let _eClass_:ecore::EClass = modelFacet.metaClass.ecoreClass in _eClass_.ePackage.nsURI = 'http://www.muml.org/pm/hardware/hwresourceinstance/1.0.0' and _eClass_.name = 'StorageMemoryInstance') and (let _containmentMF_:ecore::EStructuralFeature = modelFacet.containmentMetaFeature.ecoreFeature in (let _eClass_:ecore::EClass = _containmentMF_.eContainingClass in _eClass_.ePackage.nsURI = 'http://www.muml.org/pm/hardware/hwresourceinstance/1.0.0' and _eClass_.name = 'StructuredResourceInstance') and _containmentMF_.name = 'embeddedAtomicResourceInstances')">
    <nodeLabelTraces
        visualID="5096"
        queryText="true"/>
    <nodeLabelTraces
        visualID="5097"
        queryText="true"/>
    <nodeLabelTraces
        visualID="5098"
        queryText="true"/>
    <nodeLabelTraces
        visualID="5099"
        queryText="true"/>
    <nodeLabelTraces
        visualID="5100"
        queryText="true"/>
  </childNodeTraces>
  <linkTraces
      visualID="4003"
      queryText="modelFacet.oclIsKindOf(gmfgen::FeatureLinkModelFacet) and (let _feature_:ecore::EStructuralFeature = modelFacet.oclAsType(gmfgen::FeatureLinkModelFacet).metaFeature.ecoreFeature in (let _eClass_:ecore::EClass = _feature_.eContainingClass in _eClass_.ePackage.nsURI = 'http://www.muml.org/pm/hardware/hwresourceinstance/1.0.0' and _eClass_.name = 'ProcessorInstance') and _feature_.name = 'ownedCacheInstance')"/>
</trace:TraceModel>
