<?xml version="1.0" encoding="UTF-8"?>
<trace:TraceModel xmi:version="2.0" xmlns:xmi="http://www.omg.org/XMI" xmlns:trace="http://www.eclipse.org/gmf/2006/Trace">
  <nodeTraces visualID="2008" queryText="(let _eClass_:ecore::EClass = modelFacet.metaClass.ecoreClass in _eClass_.ePackage.nsURI = 'http:///de/uni_paderborn/fujaba/umlrt/model/realtimestatechart' and _eClass_.name = 'State') and (let _containmentMF_:ecore::EStructuralFeature = modelFacet.containmentMetaFeature.ecoreFeature in (let _eClass_:ecore::EClass = _containmentMF_.eContainingClass in _eClass_.ePackage.nsURI = 'http:///de/uni_paderborn/fujaba/umlrt/model/core' and _eClass_.name = 'AbstractStatechart') and _containmentMF_.name = 'vertices')">
    <nodeLabelTraces visualID="5005" queryText="true"/>
    <compartmentTraces visualID="7001" queryText="true"/>
    <compartmentTraces visualID="7002" queryText="true"/>
    <compartmentTraces visualID="7003" queryText="true"/>
    <compartmentTraces visualID="7004" queryText="true"/>
  </nodeTraces>
  <nodeTraces visualID="2009" queryText="(let _eClass_:ecore::EClass = modelFacet.metaClass.ecoreClass in _eClass_.ePackage.nsURI = 'http:///de/uni_paderborn/fujaba/umlrt/model/realtimestatechart' and _eClass_.name = 'InitialState') and (let _containmentMF_:ecore::EStructuralFeature = modelFacet.containmentMetaFeature.ecoreFeature in (let _eClass_:ecore::EClass = _containmentMF_.eContainingClass in _eClass_.ePackage.nsURI = 'http:///de/uni_paderborn/fujaba/umlrt/model/core' and _eClass_.name = 'AbstractStatechart') and _containmentMF_.name = 'uMLRealtimeStartState')"/>
  <nodeTraces visualID="2010" queryText="(let _eClass_:ecore::EClass = modelFacet.metaClass.ecoreClass in _eClass_.ePackage.nsURI = 'http:///de/uni_paderborn/fujaba/umlrt/model/realtimestatechart' and _eClass_.name = 'FinalState') and (let _containmentMF_:ecore::EStructuralFeature = modelFacet.containmentMetaFeature.ecoreFeature in (let _eClass_:ecore::EClass = _containmentMF_.eContainingClass in _eClass_.ePackage.nsURI = 'http:///de/uni_paderborn/fujaba/umlrt/model/core' and _eClass_.name = 'AbstractStatechart') and _containmentMF_.name = 'vertices')"/>
  <nodeTraces visualID="2011" queryText="(let _eClass_:ecore::EClass = modelFacet.metaClass.ecoreClass in _eClass_.ePackage.nsURI = 'http:///de/uni_paderborn/fujaba/umlrt/model/realtimestatechart' and _eClass_.name = 'HistoryState') and (let _containmentMF_:ecore::EStructuralFeature = modelFacet.containmentMetaFeature.ecoreFeature in (let _eClass_:ecore::EClass = _containmentMF_.eContainingClass in _eClass_.ePackage.nsURI = 'http:///de/uni_paderborn/fujaba/umlrt/model/core' and _eClass_.name = 'AbstractStatechart') and _containmentMF_.name = 'vertices')"/>
  <nodeTraces visualID="2012" queryText="(let _eClass_:ecore::EClass = modelFacet.metaClass.ecoreClass in _eClass_.ePackage.nsURI = 'http:///de/uni_paderborn/fujaba/umlrt/model/realtimestatechart' and _eClass_.name = 'Clock') and (let _containmentMF_:ecore::EStructuralFeature = modelFacet.containmentMetaFeature.ecoreFeature in (let _eClass_:ecore::EClass = _containmentMF_.eContainingClass in _eClass_.ePackage.nsURI = 'http:///de/uni_paderborn/fujaba/umlrt/model/core' and _eClass_.name = 'AbstractStatechart') and _containmentMF_.name = 'clocks')">
    <nodeLabelTraces visualID="5014" queryText="true"/>
  </nodeTraces>
  <nodeTraces visualID="2013" queryText="let _eClass_:ecore::EClass = modelFacet.metaClass.ecoreClass in _eClass_.ePackage.nsURI = 'http:///de/uni_paderborn/fujaba/umlrt/model/realtimestatechart' and _eClass_.name = 'Transition'"/>
  <childNodeTraces visualID="3002" queryText="(let _eClass_:ecore::EClass = modelFacet.metaClass.ecoreClass in _eClass_.ePackage.nsURI = 'http:///de/uni_paderborn/fujaba/umlrt/model/realtimestatechart' and _eClass_.name = 'DoEvent') and (let _containmentMF_:ecore::EStructuralFeature = modelFacet.containmentMetaFeature.ecoreFeature in (let _eClass_:ecore::EClass = _containmentMF_.eContainingClass in _eClass_.ePackage.nsURI = 'http:///de/uni_paderborn/fujaba/umlrt/model/realtimestatechart' and _eClass_.name = 'State') and _containmentMF_.name = 'doAction')">
    <nodeLabelTraces visualID="5006" queryText="true"/>
  </childNodeTraces>
  <childNodeTraces visualID="3005" queryText="(let _eClass_:ecore::EClass = modelFacet.metaClass.ecoreClass in _eClass_.ePackage.nsURI = 'http:///de/uni_paderborn/fujaba/umlrt/model/realtimestatechart' and _eClass_.name = 'EntryEvent') and (let _containmentMF_:ecore::EStructuralFeature = modelFacet.containmentMetaFeature.ecoreFeature in (let _eClass_:ecore::EClass = _containmentMF_.eContainingClass in _eClass_.ePackage.nsURI = 'http:///de/uni_paderborn/fujaba/umlrt/model/realtimestatechart' and _eClass_.name = 'State') and _containmentMF_.name = 'entryAction')">
    <nodeLabelTraces visualID="5010" queryText="true"/>
  </childNodeTraces>
  <childNodeTraces visualID="3006" queryText="(let _eClass_:ecore::EClass = modelFacet.metaClass.ecoreClass in _eClass_.ePackage.nsURI = 'http:///de/uni_paderborn/fujaba/umlrt/model/realtimestatechart' and _eClass_.name = 'ExitEvent') and (let _containmentMF_:ecore::EStructuralFeature = modelFacet.containmentMetaFeature.ecoreFeature in (let _eClass_:ecore::EClass = _containmentMF_.eContainingClass in _eClass_.ePackage.nsURI = 'http:///de/uni_paderborn/fujaba/umlrt/model/realtimestatechart' and _eClass_.name = 'State') and _containmentMF_.name = 'exitAction')">
    <nodeLabelTraces visualID="5011" queryText="true"/>
  </childNodeTraces>
  <childNodeTraces visualID="3007" queryText="(let _eClass_:ecore::EClass = modelFacet.metaClass.ecoreClass in _eClass_.ePackage.nsURI = 'http:///de/uni_paderborn/fujaba/umlrt/model/realtimestatechart' and _eClass_.name = 'ClockConstraint') and (let _containmentMF_:ecore::EStructuralFeature = modelFacet.containmentMetaFeature.ecoreFeature in (let _eClass_:ecore::EClass = _containmentMF_.eContainingClass in _eClass_.ePackage.nsURI = 'http:///de/uni_paderborn/fujaba/umlrt/model/realtimestatechart' and _eClass_.name = 'State') and _containmentMF_.name = 'invariants')">
    <nodeLabelTraces visualID="5012" queryText="true"/>
  </childNodeTraces>
  <childNodeTraces visualID="3008" queryText="(let _eClass_:ecore::EClass = modelFacet.metaClass.ecoreClass in _eClass_.ePackage.nsURI = 'http:///de/uni_paderborn/fujaba/umlrt/model/realtimestatechart' and _eClass_.name = 'SynchronizationChannel') and (let _containmentMF_:ecore::EStructuralFeature = modelFacet.containmentMetaFeature.ecoreFeature in (let _eClass_:ecore::EClass = _containmentMF_.eContainingClass in _eClass_.ePackage.nsURI = 'http:///de/uni_paderborn/fujaba/umlrt/model/realtimestatechart' and _eClass_.name = 'State') and _containmentMF_.name = 'channels')">
    <nodeLabelTraces visualID="5013" queryText="true"/>
  </childNodeTraces>
  <childNodeTraces visualID="3009" queryText="(let _eClass_:ecore::EClass = modelFacet.metaClass.ecoreClass in _eClass_.ePackage.nsURI = 'http:///de/uni_paderborn/fujaba/umlrt/model/realtimestatechart' and _eClass_.name = 'Region') and (let _containmentMF_:ecore::EStructuralFeature = modelFacet.containmentMetaFeature.ecoreFeature in (let _eClass_:ecore::EClass = _containmentMF_.eContainingClass in _eClass_.ePackage.nsURI = 'http:///de/uni_paderborn/fujaba/umlrt/model/realtimestatechart' and _eClass_.name = 'State') and _containmentMF_.name = 'regions')"/>
  <childNodeTraces visualID="3010" queryText="(let _eClass_:ecore::EClass = modelFacet.metaClass.ecoreClass in _eClass_.ePackage.nsURI = 'http:///de/uni_paderborn/fujaba/umlrt/model/realtimestatechart' and _eClass_.name = 'AbsoluteDeadline') and (let _containmentMF_:ecore::EStructuralFeature = modelFacet.containmentMetaFeature.ecoreFeature in (let _eClass_:ecore::EClass = _containmentMF_.eContainingClass in _eClass_.ePackage.nsURI = 'http:///de/uni_paderborn/fujaba/umlrt/model/realtimestatechart' and _eClass_.name = 'Transition') and _containmentMF_.name = 'absoluteDeadlines')"/>
  <childNodeTraces visualID="3011" queryText="(let _eClass_:ecore::EClass = modelFacet.metaClass.ecoreClass in _eClass_.ePackage.nsURI = 'http:///de/uni_paderborn/fujaba/umlrt/model/realtimestatechart' and _eClass_.name = 'RelativeDeadline') and (let _containmentMF_:ecore::EStructuralFeature = modelFacet.containmentMetaFeature.ecoreFeature in (let _eClass_:ecore::EClass = _containmentMF_.eContainingClass in _eClass_.ePackage.nsURI = 'http:///de/uni_paderborn/fujaba/umlrt/model/realtimestatechart' and _eClass_.name = 'Transition') and _containmentMF_.name = 'relativeDeadline')"/>
  <childNodeTraces visualID="3012" queryText="(let _eClass_:ecore::EClass = modelFacet.metaClass.ecoreClass in _eClass_.ePackage.nsURI = 'http:///de/uni_paderborn/fujaba/umlrt/model/realtimestatechart' and _eClass_.name = 'ClockConstraint') and (let _containmentMF_:ecore::EStructuralFeature = modelFacet.containmentMetaFeature.ecoreFeature in (let _eClass_:ecore::EClass = _containmentMF_.eContainingClass in _eClass_.ePackage.nsURI = 'http:///de/uni_paderborn/fujaba/umlrt/model/realtimestatechart' and _eClass_.name = 'Transition') and _containmentMF_.name = 'timeguard')"/>
  <childNodeTraces visualID="3013" queryText="(let _eClass_:ecore::EClass = modelFacet.metaClass.ecoreClass in _eClass_.ePackage.nsURI = 'http:///de/uni_paderborn/fujaba/umlrt/model/realtimestatechart' and _eClass_.name = 'RealtimeEvent') and (let _containmentMF_:ecore::EStructuralFeature = modelFacet.containmentMetaFeature.ecoreFeature in (let _eClass_:ecore::EClass = _containmentMF_.eContainingClass in _eClass_.ePackage.nsURI = 'http:///de/uni_paderborn/fujaba/umlrt/model/realtimestatechart' and _eClass_.name = 'Transition') and _containmentMF_.name = 'triggerEvents')"/>
  <childNodeTraces visualID="3014" queryText="(let _eClass_:ecore::EClass = modelFacet.metaClass.ecoreClass in _eClass_.ePackage.nsURI = 'http:///de/uni_paderborn/fujaba/umlrt/model/realtimestatechart' and _eClass_.name = 'RealtimeEvent') and (let _containmentMF_:ecore::EStructuralFeature = modelFacet.containmentMetaFeature.ecoreFeature in (let _eClass_:ecore::EClass = _containmentMF_.eContainingClass in _eClass_.ePackage.nsURI = 'http:///de/uni_paderborn/fujaba/umlrt/model/realtimestatechart' and _eClass_.name = 'Transition') and _containmentMF_.name = 'raisedEvents')"/>
  <childNodeTraces visualID="3015" queryText="(let _eClass_:ecore::EClass = modelFacet.metaClass.ecoreClass in _eClass_.ePackage.nsURI = 'http:///de/uni_paderborn/fujaba/umlrt/model/realtimestatechart' and _eClass_.name = 'Action') and (let _containmentMF_:ecore::EStructuralFeature = modelFacet.containmentMetaFeature.ecoreFeature in (let _eClass_:ecore::EClass = _containmentMF_.eContainingClass in _eClass_.ePackage.nsURI = 'http:///de/uni_paderborn/fujaba/umlrt/model/realtimestatechart' and _eClass_.name = 'Transition') and _containmentMF_.name = 'sideEffect')"/>
  <childNodeTraces visualID="3016" queryText="(let _eClass_:ecore::EClass = modelFacet.metaClass.ecoreClass in _eClass_.ePackage.nsURI = 'http:///de/uni_paderborn/fujaba/umlrt/model/realtimestatechart' and _eClass_.name = 'Synchronization') and (let _containmentMF_:ecore::EStructuralFeature = modelFacet.containmentMetaFeature.ecoreFeature in (let _eClass_:ecore::EClass = _containmentMF_.eContainingClass in _eClass_.ePackage.nsURI = 'http:///de/uni_paderborn/fujaba/umlrt/model/realtimestatechart' and _eClass_.name = 'Transition') and _containmentMF_.name = 'sendSynchronization')"/>
  <childNodeTraces visualID="3017" queryText="(let _eClass_:ecore::EClass = modelFacet.metaClass.ecoreClass in _eClass_.ePackage.nsURI = 'http:///de/uni_paderborn/fujaba/umlrt/model/realtimestatechart' and _eClass_.name = 'Synchronization') and (let _containmentMF_:ecore::EStructuralFeature = modelFacet.containmentMetaFeature.ecoreFeature in (let _eClass_:ecore::EClass = _containmentMF_.eContainingClass in _eClass_.ePackage.nsURI = 'http:///de/uni_paderborn/fujaba/umlrt/model/realtimestatechart' and _eClass_.name = 'Transition') and _containmentMF_.name = 'receiveSynchronization')"/>
  <linkTraces visualID="4001" queryText="modelFacet.oclIsKindOf(gmfgen::TypeLinkModelFacet) and (let _eClass_:ecore::EClass = modelFacet.oclAsType(gmfgen::TypeLinkModelFacet).metaClass.ecoreClass in _eClass_.ePackage.nsURI = 'http:///de/uni_paderborn/fujaba/umlrt/model/realtimestatechart' and _eClass_.name = 'Transition')">
    <linkLabelTraces visualID="6001" queryText="true"/>
    <linkLabelTraces visualID="6002" queryText="true"/>
    <linkLabelTraces visualID="6003" queryText="true"/>
    <linkLabelTraces visualID="6004" queryText="true"/>
    <linkLabelTraces visualID="6005" queryText="true"/>
    <linkLabelTraces visualID="6006" queryText="true"/>
    <linkLabelTraces visualID="6007" queryText="true"/>
    <linkLabelTraces visualID="6008" queryText="true"/>
    <linkLabelTraces visualID="6009" queryText="true"/>
  </linkTraces>
</trace:TraceModel>
