<?xml version="1.0" encoding="UTF-8"?>
<trace:TraceModel
    xmi:version="2.0"
    xmlns:xmi="http://www.omg.org/XMI"
    xmlns:trace="http://www.eclipse.org/gmf/2006/Trace">
  <nodeTraces
      visualID="2004"
      queryText="let _eClass_:ecore::EClass = modelFacet.metaClass.ecoreClass in _eClass_.ePackage.nsURI = 'http://www.fujaba.de/muml/hardware/hwplatforminstance/1.0/' and _eClass_.name = 'HWPlatformInstance'">
    <nodeLabelTraces
        visualID="5096"
        queryText="true"/>
    <compartmentTraces
        visualID="7011"
        queryText="true"/>
  </nodeTraces>
  <childNodeTraces
      visualID="3028"
      queryText="(let _eClass_:ecore::EClass = modelFacet.metaClass.ecoreClass in _eClass_.ePackage.nsURI = 'http://www.fujaba.de/muml/hardware/hwplatforminstance/1.0/' and _eClass_.name = 'DelegationHWPortInstance') and (let _containmentMF_:ecore::EStructuralFeature = modelFacet.containmentMetaFeature.ecoreFeature in (let _eClass_:ecore::EClass = _containmentMF_.eContainingClass in _eClass_.ePackage.nsURI = 'http://www.fujaba.de/muml/hardware/hwplatforminstance/1.0/' and _eClass_.name = 'HWPlatformInstance') and _containmentMF_.name = 'delegationPorts')">
    <nodeLabelTraces
        visualID="5078"
        queryText="true"/>
  </childNodeTraces>
  <childNodeTraces
      visualID="3030"
      queryText="(let _eClass_:ecore::EClass = modelFacet.metaClass.ecoreClass in _eClass_.ePackage.nsURI = 'http://www.fujaba.de/muml/hardware/hwplatforminstance/1.0/' and _eClass_.name = 'HWPortInstance') and (let _containmentMF_:ecore::EStructuralFeature = modelFacet.containmentMetaFeature.ecoreFeature in (let _eClass_:ecore::EClass = _containmentMF_.eContainingClass in _eClass_.ePackage.nsURI = 'http://www.fujaba.de/muml/hardware/hwresourceinstance/1.0/' and _eClass_.name = 'ResourceInstance') and _containmentMF_.name = 'hwports')">
    <nodeLabelTraces
        visualID="5082"
        queryText="true"/>
  </childNodeTraces>
  <childNodeTraces
      visualID="3031"
      queryText="(let _eClass_:ecore::EClass = modelFacet.metaClass.ecoreClass in _eClass_.ePackage.nsURI = 'http://www.fujaba.de/muml/hardware/hwplatforminstance/1.0/' and _eClass_.name = 'HWPlatformInstance') and (let _containmentMF_:ecore::EStructuralFeature = modelFacet.containmentMetaFeature.ecoreFeature in (let _eClass_:ecore::EClass = _containmentMF_.eContainingClass in _eClass_.ePackage.nsURI = 'http://www.fujaba.de/muml/hardware/hwplatforminstance/1.0/' and _eClass_.name = 'HWPlatformInstanceConfiguration') and _containmentMF_.name = 'hwplatformInstances')">
    <nodeLabelTraces
        visualID="5095"
        queryText="true"/>
    <compartmentTraces
        visualID="7010"
        queryText="true"/>
  </childNodeTraces>
  <childNodeTraces
      visualID="3032"
      queryText="(let _eClass_:ecore::EClass = modelFacet.metaClass.ecoreClass in _eClass_.ePackage.nsURI = 'http://www.fujaba.de/muml/hardware/hwplatforminstance/1.0/' and _eClass_.name = 'HWPlatformInstanceConfiguration') and (let _containmentMF_:ecore::EStructuralFeature = modelFacet.containmentMetaFeature.ecoreFeature in (let _eClass_:ecore::EClass = _containmentMF_.eContainingClass in _eClass_.ePackage.nsURI = 'http://www.fujaba.de/muml/hardware/hwplatforminstance/1.0/' and _eClass_.name = 'HWPlatformInstance') and _containmentMF_.name = 'embeddedHPIC')">
    <compartmentTraces
        visualID="7008"
        queryText="true"/>
  </childNodeTraces>
  <childNodeTraces
      visualID="3033"
      queryText="(let _eClass_:ecore::EClass = modelFacet.metaClass.ecoreClass in _eClass_.ePackage.nsURI = 'http://www.fujaba.de/muml/hardware/hwresourceinstance/1.0/' and _eClass_.name = 'StructuredResourceInstance') and (let _containmentMF_:ecore::EStructuralFeature = modelFacet.containmentMetaFeature.ecoreFeature in (let _eClass_:ecore::EClass = _containmentMF_.eContainingClass in _eClass_.ePackage.nsURI = 'http://www.fujaba.de/muml/hardware/hwplatforminstance/1.0/' and _eClass_.name = 'HWPlatformInstanceConfiguration') and _containmentMF_.name = 'resources')">
    <nodeLabelTraces
        visualID="5083"
        queryText="true"/>
    <nodeLabelTraces
        visualID="5084"
        queryText="true"/>
    <nodeLabelTraces
        visualID="5085"
        queryText="true"/>
    <nodeLabelTraces
        visualID="5098"
        queryText="true"/>
    <nodeLabelTraces
        visualID="5099"
        queryText="true"/>
  </childNodeTraces>
  <childNodeTraces
      visualID="3034"
      queryText="(let _eClass_:ecore::EClass = modelFacet.metaClass.ecoreClass in _eClass_.ePackage.nsURI = 'http://www.fujaba.de/muml/hardware/hwresourceinstance/1.0/' and _eClass_.name = 'ActuatorInstance') and (let _containmentMF_:ecore::EStructuralFeature = modelFacet.containmentMetaFeature.ecoreFeature in (let _eClass_:ecore::EClass = _containmentMF_.eContainingClass in _eClass_.ePackage.nsURI = 'http://www.fujaba.de/muml/hardware/hwplatforminstance/1.0/' and _eClass_.name = 'HWPlatformInstanceConfiguration') and _containmentMF_.name = 'resources')">
    <nodeLabelTraces
        visualID="5086"
        queryText="true"/>
    <nodeLabelTraces
        visualID="5087"
        queryText="true"/>
    <nodeLabelTraces
        visualID="5088"
        queryText="true"/>
  </childNodeTraces>
  <childNodeTraces
      visualID="3035"
      queryText="(let _eClass_:ecore::EClass = modelFacet.metaClass.ecoreClass in _eClass_.ePackage.nsURI = 'http://www.fujaba.de/muml/hardware/hwresourceinstance/1.0/' and _eClass_.name = 'SensorInstance') and (let _containmentMF_:ecore::EStructuralFeature = modelFacet.containmentMetaFeature.ecoreFeature in (let _eClass_:ecore::EClass = _containmentMF_.eContainingClass in _eClass_.ePackage.nsURI = 'http://www.fujaba.de/muml/hardware/hwplatforminstance/1.0/' and _eClass_.name = 'HWPlatformInstanceConfiguration') and _containmentMF_.name = 'resources')">
    <nodeLabelTraces
        visualID="5089"
        queryText="true"/>
    <nodeLabelTraces
        visualID="5090"
        queryText="true"/>
    <nodeLabelTraces
        visualID="5091"
        queryText="true"/>
  </childNodeTraces>
  <childNodeTraces
      visualID="3036"
      queryText="(let _eClass_:ecore::EClass = modelFacet.metaClass.ecoreClass in _eClass_.ePackage.nsURI = 'http://www.fujaba.de/muml/hardware/hwplatforminstance/1.0/' and _eClass_.name = 'BusInstance') and (let _containmentMF_:ecore::EStructuralFeature = modelFacet.containmentMetaFeature.ecoreFeature in (let _eClass_:ecore::EClass = _containmentMF_.eContainingClass in _eClass_.ePackage.nsURI = 'http://www.fujaba.de/muml/hardware/hwplatforminstance/1.0/' and _eClass_.name = 'HWPlatformInstanceConfiguration') and _containmentMF_.name = 'networkingHardwareInstances')">
    <nodeLabelTraces
        visualID="5092"
        queryText="true"/>
    <nodeLabelTraces
        visualID="5093"
        queryText="true"/>
  </childNodeTraces>
  <childNodeTraces
      visualID="3038"
      queryText="(let _eClass_:ecore::EClass = modelFacet.metaClass.ecoreClass in _eClass_.ePackage.nsURI = 'http://www.fujaba.de/muml/hardware/hwplatforminstance/1.0/' and _eClass_.name = 'NetworkBridgeInstance') and (let _containmentMF_:ecore::EStructuralFeature = modelFacet.containmentMetaFeature.ecoreFeature in (let _eClass_:ecore::EClass = _containmentMF_.eContainingClass in _eClass_.ePackage.nsURI = 'http://www.fujaba.de/muml/hardware/hwplatforminstance/1.0/' and _eClass_.name = 'HWPlatformInstanceConfiguration') and _containmentMF_.name = 'networkingHardwareInstances')">
    <nodeLabelTraces
        visualID="5097"
        queryText="true"/>
  </childNodeTraces>
  <linkTraces
      visualID="4011"
      queryText="modelFacet.oclIsKindOf(gmfgen::TypeLinkModelFacet) and (let _eClass_:ecore::EClass = modelFacet.oclAsType(gmfgen::TypeLinkModelFacet).metaClass.ecoreClass in _eClass_.ePackage.nsURI = 'http://www.fujaba.de/muml/hardware/hwplatforminstance/1.0/' and _eClass_.name = 'NetworkConnectorInstance')"/>
</trace:TraceModel>
