<?xml version="1.0" encoding="UTF-8"?>
<trace:TraceModel
    xmi:version="2.0"
    xmlns:xmi="http://www.omg.org/XMI"
    xmlns:trace="http://www.eclipse.org/gmf/2006/Trace">
  <nodeTraces
      visualID="2007"
      queryText="let _eClass_:ecore::EClass = modelFacet.metaClass.ecoreClass in _eClass_.ePackage.nsURI = 'http://www.muml.org/pim/realtimestatechart/1.0.0' and _eClass_.name = 'RealtimeStatechart'">
    <nodeLabelTraces
        visualID="5061"
        queryText="true"/>
    <nodeLabelTraces
        visualID="5062"
        queryText="true"/>
    <compartmentTraces
        visualID="7030"
        queryText="true"/>
  </nodeTraces>
  <childNodeTraces
      visualID="3032"
      queryText="(let _eClass_:ecore::EClass = modelFacet.metaClass.ecoreClass in _eClass_.ePackage.nsURI = 'http://www.muml.org/pim/realtimestatechart/1.0.0' and _eClass_.name = 'State') and (let _containmentMF_:ecore::EStructuralFeature = modelFacet.containmentMetaFeature.ecoreFeature in (let _eClass_:ecore::EClass = _containmentMF_.eContainingClass in _eClass_.ePackage.nsURI = 'http://www.muml.org/pim/realtimestatechart/1.0.0' and _eClass_.name = 'RealtimeStatechart') and _containmentMF_.name = 'states')">
    <nodeLabelTraces
        visualID="5060"
        queryText="true"/>
    <compartmentTraces
        visualID="7031"
        queryText="true"/>
    <compartmentTraces
        visualID="7032"
        queryText="true"/>
    <compartmentTraces
        visualID="7033"
        queryText="true"/>
    <compartmentTraces
        visualID="7034"
        queryText="true"/>
  </childNodeTraces>
  <childNodeTraces
      visualID="3033"
      queryText="(let _eClass_:ecore::EClass = modelFacet.metaClass.ecoreClass in _eClass_.ePackage.nsURI = 'http://www.muml.org/pim/realtimestatechart/1.0.0' and _eClass_.name = 'EntryEvent') and (let _containmentMF_:ecore::EStructuralFeature = modelFacet.containmentMetaFeature.ecoreFeature in (let _eClass_:ecore::EClass = _containmentMF_.eContainingClass in _eClass_.ePackage.nsURI = 'http://www.muml.org/pim/realtimestatechart/1.0.0' and _eClass_.name = 'State') and _containmentMF_.name = 'entryEvent')">
    <nodeLabelTraces
        visualID="5050"
        queryText="true"/>
  </childNodeTraces>
  <childNodeTraces
      visualID="3034"
      queryText="(let _eClass_:ecore::EClass = modelFacet.metaClass.ecoreClass in _eClass_.ePackage.nsURI = 'http://www.muml.org/pim/realtimestatechart/1.0.0' and _eClass_.name = 'DoEvent') and (let _containmentMF_:ecore::EStructuralFeature = modelFacet.containmentMetaFeature.ecoreFeature in (let _eClass_:ecore::EClass = _containmentMF_.eContainingClass in _eClass_.ePackage.nsURI = 'http://www.muml.org/pim/realtimestatechart/1.0.0' and _eClass_.name = 'State') and _containmentMF_.name = 'doEvent')">
    <nodeLabelTraces
        visualID="5051"
        queryText="true"/>
  </childNodeTraces>
  <childNodeTraces
      visualID="3035"
      queryText="(let _eClass_:ecore::EClass = modelFacet.metaClass.ecoreClass in _eClass_.ePackage.nsURI = 'http://www.muml.org/pim/realtimestatechart/1.0.0' and _eClass_.name = 'ExitEvent') and (let _containmentMF_:ecore::EStructuralFeature = modelFacet.containmentMetaFeature.ecoreFeature in (let _eClass_:ecore::EClass = _containmentMF_.eContainingClass in _eClass_.ePackage.nsURI = 'http://www.muml.org/pim/realtimestatechart/1.0.0' and _eClass_.name = 'State') and _containmentMF_.name = 'exitEvent')">
    <nodeLabelTraces
        visualID="5052"
        queryText="true"/>
  </childNodeTraces>
  <childNodeTraces
      visualID="3036"
      queryText="(let _eClass_:ecore::EClass = modelFacet.metaClass.ecoreClass in _eClass_.ePackage.nsURI = 'http://www.muml.org/pim/realtimestatechart/1.0.0' and _eClass_.name = 'ClockConstraint') and (let _containmentMF_:ecore::EStructuralFeature = modelFacet.containmentMetaFeature.ecoreFeature in (let _eClass_:ecore::EClass = _containmentMF_.eContainingClass in _eClass_.ePackage.nsURI = 'http://www.muml.org/pim/realtimestatechart/1.0.0' and _eClass_.name = 'State') and _containmentMF_.name = 'invariants')">
    <nodeLabelTraces
        visualID="5053"
        queryText="true"/>
  </childNodeTraces>
  <childNodeTraces
      visualID="3037"
      queryText="(let _eClass_:ecore::EClass = modelFacet.metaClass.ecoreClass in _eClass_.ePackage.nsURI = 'http://www.muml.org/pim/realtimestatechart/1.0.0' and _eClass_.name = 'SynchronizationChannel') and (let _containmentMF_:ecore::EStructuralFeature = modelFacet.containmentMetaFeature.ecoreFeature in (let _eClass_:ecore::EClass = _containmentMF_.eContainingClass in _eClass_.ePackage.nsURI = 'http://www.muml.org/pim/realtimestatechart/1.0.0' and _eClass_.name = 'State') and _containmentMF_.name = 'channels')">
    <nodeLabelTraces
        visualID="5054"
        queryText="true"/>
  </childNodeTraces>
  <childNodeTraces
      visualID="3040"
      queryText="(let _eClass_:ecore::EClass = modelFacet.metaClass.ecoreClass in _eClass_.ePackage.nsURI = 'http://www.muml.org/pim/realtimestatechart/1.0.0' and _eClass_.name = 'EntryPoint') and (let _containmentMF_:ecore::EStructuralFeature = modelFacet.containmentMetaFeature.ecoreFeature in (let _eClass_:ecore::EClass = _containmentMF_.eContainingClass in _eClass_.ePackage.nsURI = 'http://www.muml.org/pim/realtimestatechart/1.0.0' and _eClass_.name = 'State') and _containmentMF_.name = 'connectionPoints')"/>
  <childNodeTraces
      visualID="3041"
      queryText="(let _eClass_:ecore::EClass = modelFacet.metaClass.ecoreClass in _eClass_.ePackage.nsURI = 'http://www.muml.org/pim/realtimestatechart/1.0.0' and _eClass_.name = 'ExitPoint') and (let _containmentMF_:ecore::EStructuralFeature = modelFacet.containmentMetaFeature.ecoreFeature in (let _eClass_:ecore::EClass = _containmentMF_.eContainingClass in _eClass_.ePackage.nsURI = 'http://www.muml.org/pim/realtimestatechart/1.0.0' and _eClass_.name = 'State') and _containmentMF_.name = 'connectionPoints')"/>
  <childNodeTraces
      visualID="3042"
      queryText="(let _eClass_:ecore::EClass = modelFacet.metaClass.ecoreClass in _eClass_.ePackage.nsURI = 'http://www.muml.org/pim/realtimestatechart/1.0.0' and _eClass_.name = 'Region') and (let _containmentMF_:ecore::EStructuralFeature = modelFacet.containmentMetaFeature.ecoreFeature in (let _eClass_:ecore::EClass = _containmentMF_.eContainingClass in _eClass_.ePackage.nsURI = 'http://www.muml.org/pim/realtimestatechart/1.0.0' and _eClass_.name = 'State') and _containmentMF_.name = 'embeddedRegions')">
    <nodeLabelTraces
        visualID="5063"
        queryText="true"/>
    <nodeLabelTraces
        visualID="5064"
        queryText="true"/>
    <nodeLabelTraces
        visualID="5065"
        queryText="true"/>
    <compartmentTraces
        visualID="7037"
        queryText="true"/>
  </childNodeTraces>
  <childNodeTraces
      visualID="3043"
      queryText="(let _eClass_:ecore::EClass = modelFacet.metaClass.ecoreClass in _eClass_.ePackage.nsURI = 'http://www.muml.org/pim/realtimestatechart/1.0.0' and _eClass_.name = 'RealtimeStatechart') and (let _containmentMF_:ecore::EStructuralFeature = modelFacet.containmentMetaFeature.ecoreFeature in (let _eClass_:ecore::EClass = _containmentMF_.eContainingClass in _eClass_.ePackage.nsURI = 'http://www.muml.org/pim/realtimestatechart/1.0.0' and _eClass_.name = 'Region') and _containmentMF_.name = 'embeddedStatechart')">
    <compartmentTraces
        visualID="7038"
        queryText="true"/>
  </childNodeTraces>
  <linkTraces
      visualID="4003"
      queryText="modelFacet.oclIsKindOf(gmfgen::TypeLinkModelFacet) and (let _eClass_:ecore::EClass = modelFacet.oclAsType(gmfgen::TypeLinkModelFacet).metaClass.ecoreClass in _eClass_.ePackage.nsURI = 'http://www.muml.org/pim/realtimestatechart/1.0.0' and _eClass_.name = 'Transition')">
    <linkLabelTraces
        visualID="6005"
        queryText="true"/>
    <linkLabelTraces
        visualID="6006"
        queryText="true"/>
  </linkTraces>
</trace:TraceModel>
