<?xml version="1.0" encoding="UTF-8"?>
<trace:TraceModel
    xmi:version="2.0"
    xmlns:xmi="http://www.omg.org/XMI"
    xmlns:trace="http://www.eclipse.org/gmf/2006/Trace">
  <nodeTraces
      visualID="2009"
      queryText="let _eClass_:ecore::EClass = modelFacet.metaClass.ecoreClass in _eClass_.ePackage.nsURI = 'http://www.muml.org/pm/hardware/hwplatform/1.0.0' and _eClass_.name = 'HWPlatform'">
    <nodeLabelTraces
        visualID="5069"
        queryText="true"/>
    <compartmentTraces
        visualID="7003"
        queryText="true"/>
  </nodeTraces>
  <childNodeTraces
      visualID="3025"
      queryText="(let _eClass_:ecore::EClass = modelFacet.metaClass.ecoreClass in _eClass_.ePackage.nsURI = 'http://www.muml.org/pm/hardware/hwplatform/1.0.0' and _eClass_.name = 'Bus') and (let _containmentMF_:ecore::EStructuralFeature = modelFacet.containmentMetaFeature.ecoreFeature in (let _eClass_:ecore::EClass = _containmentMF_.eContainingClass in _eClass_.ePackage.nsURI = 'http://www.muml.org/pm/hardware/hwplatform/1.0.0' and _eClass_.name = 'HWPlatform') and _containmentMF_.name = 'networkingHardware')">
    <nodeLabelTraces
        visualID="5057"
        queryText="true"/>
    <nodeLabelTraces
        visualID="5058"
        queryText="true"/>
  </childNodeTraces>
  <childNodeTraces
      visualID="3026"
      queryText="(let _eClass_:ecore::EClass = modelFacet.metaClass.ecoreClass in _eClass_.ePackage.nsURI = 'http://www.muml.org/pm/hardware/hwplatform/1.0.0' and _eClass_.name = 'NetworkBridge') and (let _containmentMF_:ecore::EStructuralFeature = modelFacet.containmentMetaFeature.ecoreFeature in (let _eClass_:ecore::EClass = _containmentMF_.eContainingClass in _eClass_.ePackage.nsURI = 'http://www.muml.org/pm/hardware/hwplatform/1.0.0' and _eClass_.name = 'HWPlatform') and _containmentMF_.name = 'networkingHardware')">
    <nodeLabelTraces
        visualID="5059"
        queryText="true"/>
  </childNodeTraces>
  <childNodeTraces
      visualID="3027"
      queryText="(let _eClass_:ecore::EClass = modelFacet.metaClass.ecoreClass in _eClass_.ePackage.nsURI = 'http://www.muml.org/pm/hardware/hwplatform/1.0.0' and _eClass_.name = 'HWPlatformPart') and (let _containmentMF_:ecore::EStructuralFeature = modelFacet.containmentMetaFeature.ecoreFeature in (let _eClass_:ecore::EClass = _containmentMF_.eContainingClass in _eClass_.ePackage.nsURI = 'http://www.muml.org/pm/hardware/hwplatform/1.0.0' and _eClass_.name = 'HWPlatform') and _containmentMF_.name = 'embeddedPlatformParts')">
    <nodeLabelTraces
        visualID="5061"
        queryText="true"/>
    <nodeLabelTraces
        visualID="5062"
        queryText="true"/>
    <nodeLabelTraces
        visualID="5063"
        queryText="true"/>
  </childNodeTraces>
  <childNodeTraces
      visualID="3028"
      queryText="(let _eClass_:ecore::EClass = modelFacet.metaClass.ecoreClass in _eClass_.ePackage.nsURI = 'http://www.muml.org/pm/hardware/hwplatform/1.0.0' and _eClass_.name = 'HWPortPart') and (let _containmentMF_:ecore::EStructuralFeature = modelFacet.containmentMetaFeature.ecoreFeature in (let _eClass_:ecore::EClass = _containmentMF_.eContainingClass in _eClass_.ePackage.nsURI = 'http://www.muml.org/pm/hardware/hwplatform/1.0.0' and _eClass_.name = 'PlatformPart') and _containmentMF_.name = 'hwPortParts')">
    <nodeLabelTraces
        visualID="5060"
        queryText="true"/>
  </childNodeTraces>
  <childNodeTraces
      visualID="3029"
      queryText="(let _eClass_:ecore::EClass = modelFacet.metaClass.ecoreClass in _eClass_.ePackage.nsURI = 'http://www.muml.org/pm/hardware/hwplatform/1.0.0' and _eClass_.name = 'DelegationHWPort') and (let _containmentMF_:ecore::EStructuralFeature = modelFacet.containmentMetaFeature.ecoreFeature in (let _eClass_:ecore::EClass = _containmentMF_.eContainingClass in _eClass_.ePackage.nsURI = 'http://www.muml.org/pm/hardware/hwplatform/1.0.0' and _eClass_.name = 'HWPlatform') and _containmentMF_.name = 'delegationPorts')"/>
  <childNodeTraces
      visualID="3030"
      queryText="(let _eClass_:ecore::EClass = modelFacet.metaClass.ecoreClass in _eClass_.ePackage.nsURI = 'http://www.muml.org/pm/hardware/hwplatform/1.0.0' and _eClass_.name = 'ResourcePart') and (let _containmentMF_:ecore::EStructuralFeature = modelFacet.containmentMetaFeature.ecoreFeature in (let _eClass_:ecore::EClass = _containmentMF_.eContainingClass in _eClass_.ePackage.nsURI = 'http://www.muml.org/pm/hardware/hwplatform/1.0.0' and _eClass_.name = 'HWPlatform') and _containmentMF_.name = 'embeddedPlatformParts')">
    <nodeLabelTraces
        visualID="5064"
        queryText="true"/>
    <nodeLabelTraces
        visualID="5065"
        queryText="true"/>
    <nodeLabelTraces
        visualID="5066"
        queryText="true"/>
    <nodeLabelTraces
        visualID="5067"
        queryText="true"/>
    <nodeLabelTraces
        visualID="5068"
        queryText="true"/>
  </childNodeTraces>
  <linkTraces
      visualID="4032"
      queryText="modelFacet.oclIsKindOf(gmfgen::TypeLinkModelFacet) and (let _eClass_:ecore::EClass = modelFacet.oclAsType(gmfgen::TypeLinkModelFacet).metaClass.ecoreClass in _eClass_.ePackage.nsURI = 'http://www.muml.org/pm/hardware/hwplatform/1.0.0' and _eClass_.name = 'NetworkConnector')"/>
</trace:TraceModel>
