<?xml version="1.0" encoding="UTF-8"?>
<trace:TraceModel
    xmi:version="2.0"
    xmlns:xmi="http://www.omg.org/XMI"
    xmlns:trace="http://www.eclipse.org/gmf/2006/Trace">
  <nodeTraces
      visualID="2007"
      queryText="let _eClass_:ecore::EClass = modelFacet.metaClass.ecoreClass in _eClass_.ePackage.nsURI = 'http://www.fujaba.de/muml/hardware/platform/1.0/' and _eClass_.name = 'HWPlatform'">
    <nodeLabelTraces
        visualID="5036"
        queryText="true"/>
    <compartmentTraces
        visualID="7001"
        queryText="true"/>
  </nodeTraces>
  <childNodeTraces
      visualID="3005"
      queryText="(let _eClass_:ecore::EClass = modelFacet.metaClass.ecoreClass in _eClass_.ePackage.nsURI = 'http://www.fujaba.de/muml/hardware/platform/1.0/' and _eClass_.name = 'HWPortPart') and (let _containmentMF_:ecore::EStructuralFeature = modelFacet.containmentMetaFeature.ecoreFeature in (let _eClass_:ecore::EClass = _containmentMF_.eContainingClass in _eClass_.ePackage.nsURI = 'http://www.fujaba.de/muml/hardware/platform/1.0/' and _eClass_.name = 'ResourceInstancePart') and _containmentMF_.name = 'hwportParts')">
    <nodeLabelTraces
        visualID="5019"
        queryText="true"/>
  </childNodeTraces>
  <childNodeTraces
      visualID="3007"
      queryText="(let _eClass_:ecore::EClass = modelFacet.metaClass.ecoreClass in _eClass_.ePackage.nsURI = 'http://www.fujaba.de/muml/hardware/platform/1.0/' and _eClass_.name = 'HWPortPart') and (let _containmentMF_:ecore::EStructuralFeature = modelFacet.containmentMetaFeature.ecoreFeature in (let _eClass_:ecore::EClass = _containmentMF_.eContainingClass in _eClass_.ePackage.nsURI = 'http://www.fujaba.de/muml/hardware/platform/1.0/' and _eClass_.name = 'HWPlatformPart') and _containmentMF_.name = 'delegationPorts')">
    <nodeLabelTraces
        visualID="5022"
        queryText="true"/>
  </childNodeTraces>
  <childNodeTraces
      visualID="3008"
      queryText="(let _eClass_:ecore::EClass = modelFacet.metaClass.ecoreClass in _eClass_.ePackage.nsURI = 'http://www.fujaba.de/muml/hardware/platform/1.0/' and _eClass_.name = 'Bus') and (let _containmentMF_:ecore::EStructuralFeature = modelFacet.containmentMetaFeature.ecoreFeature in (let _eClass_:ecore::EClass = _containmentMF_.eContainingClass in _eClass_.ePackage.nsURI = 'http://www.fujaba.de/muml/hardware/platform/1.0/' and _eClass_.name = 'HWPlatform') and _containmentMF_.name = 'embeddedCommunicationResources')">
    <nodeLabelTraces
        visualID="5023"
        queryText="true"/>
    <nodeLabelTraces
        visualID="5024"
        queryText="true"/>
  </childNodeTraces>
  <childNodeTraces
      visualID="3009"
      queryText="(let _eClass_:ecore::EClass = modelFacet.metaClass.ecoreClass in _eClass_.ePackage.nsURI = 'http://www.fujaba.de/muml/hardware/platform/1.0/' and _eClass_.name = 'Bridge') and (let _containmentMF_:ecore::EStructuralFeature = modelFacet.containmentMetaFeature.ecoreFeature in (let _eClass_:ecore::EClass = _containmentMF_.eContainingClass in _eClass_.ePackage.nsURI = 'http://www.fujaba.de/muml/hardware/platform/1.0/' and _eClass_.name = 'HWPlatform') and _containmentMF_.name = 'embeddedCommunicationResources')">
    <nodeLabelTraces
        visualID="5025"
        queryText="true"/>
  </childNodeTraces>
  <childNodeTraces
      visualID="3010"
      queryText="(let _eClass_:ecore::EClass = modelFacet.metaClass.ecoreClass in _eClass_.ePackage.nsURI = 'http://www.fujaba.de/muml/hardware/platform/1.0/' and _eClass_.name = 'HWPlatformPart') and (let _containmentMF_:ecore::EStructuralFeature = modelFacet.containmentMetaFeature.ecoreFeature in (let _eClass_:ecore::EClass = _containmentMF_.eContainingClass in _eClass_.ePackage.nsURI = 'http://www.fujaba.de/muml/hardware/platform/1.0/' and _eClass_.name = 'HWPlatform') and _containmentMF_.name = 'embeddedPlatformParts')">
    <nodeLabelTraces
        visualID="5026"
        queryText="true"/>
    <nodeLabelTraces
        visualID="5027"
        queryText="true"/>
    <nodeLabelTraces
        visualID="5028"
        queryText="true"/>
  </childNodeTraces>
  <childNodeTraces
      visualID="3011"
      queryText="(let _eClass_:ecore::EClass = modelFacet.metaClass.ecoreClass in _eClass_.ePackage.nsURI = 'http://www.fujaba.de/muml/hardware/platform/1.0/' and _eClass_.name = 'BusPortInstance') and (let _containmentMF_:ecore::EStructuralFeature = modelFacet.containmentMetaFeature.ecoreFeature in (let _eClass_:ecore::EClass = _containmentMF_.eContainingClass in _eClass_.ePackage.nsURI = 'http://www.fujaba.de/muml/hardware/platform/1.0/' and _eClass_.name = 'HWPlatform') and _containmentMF_.name = 'delegationPorts')">
    <nodeLabelTraces
        visualID="5029"
        queryText="true"/>
  </childNodeTraces>
  <childNodeTraces
      visualID="3012"
      queryText="(let _eClass_:ecore::EClass = modelFacet.metaClass.ecoreClass in _eClass_.ePackage.nsURI = 'http://www.fujaba.de/muml/hardware/platform/1.0/' and _eClass_.name = 'ResourceInstancePart') and (let _containmentMF_:ecore::EStructuralFeature = modelFacet.containmentMetaFeature.ecoreFeature in (let _eClass_:ecore::EClass = _containmentMF_.eContainingClass in _eClass_.ePackage.nsURI = 'http://www.fujaba.de/muml/hardware/platform/1.0/' and _eClass_.name = 'HWPlatform') and _containmentMF_.name = 'embeddedPlatformParts')">
    <nodeLabelTraces
        visualID="5030"
        queryText="true"/>
    <nodeLabelTraces
        visualID="5031"
        queryText="true"/>
    <nodeLabelTraces
        visualID="5032"
        queryText="true"/>
    <nodeLabelTraces
        visualID="5033"
        queryText="true"/>
    <nodeLabelTraces
        visualID="5034"
        queryText="true"/>
  </childNodeTraces>
  <childNodeTraces
      visualID="3013"
      queryText="(let _eClass_:ecore::EClass = modelFacet.metaClass.ecoreClass in _eClass_.ePackage.nsURI = 'http://www.fujaba.de/muml/hardware/platform/1.0/' and _eClass_.name = 'LinkPortInstance') and (let _containmentMF_:ecore::EStructuralFeature = modelFacet.containmentMetaFeature.ecoreFeature in (let _eClass_:ecore::EClass = _containmentMF_.eContainingClass in _eClass_.ePackage.nsURI = 'http://www.fujaba.de/muml/hardware/platform/1.0/' and _eClass_.name = 'HWPlatform') and _containmentMF_.name = 'delegationPorts')">
    <nodeLabelTraces
        visualID="5035"
        queryText="true"/>
  </childNodeTraces>
  <linkTraces
      visualID="4001"
      queryText="modelFacet.oclIsKindOf(gmfgen::TypeLinkModelFacet) and (let _eClass_:ecore::EClass = modelFacet.oclAsType(gmfgen::TypeLinkModelFacet).metaClass.ecoreClass in _eClass_.ePackage.nsURI = 'http://www.fujaba.de/muml/hardware/platform/1.0/' and _eClass_.name = 'Delegation')"/>
  <linkTraces
      visualID="4002"
      queryText="modelFacet.oclIsKindOf(gmfgen::TypeLinkModelFacet) and (let _eClass_:ecore::EClass = modelFacet.oclAsType(gmfgen::TypeLinkModelFacet).metaClass.ecoreClass in _eClass_.ePackage.nsURI = 'http://www.fujaba.de/muml/hardware/platform/1.0/' and _eClass_.name = 'Link')">
    <linkLabelTraces
        visualID="6001"
        queryText="true"/>
  </linkTraces>
  <linkTraces
      visualID="4011"
      queryText="modelFacet.oclIsKindOf(gmfgen::TypeLinkModelFacet) and (let _eClass_:ecore::EClass = modelFacet.oclAsType(gmfgen::TypeLinkModelFacet).metaClass.ecoreClass in _eClass_.ePackage.nsURI = 'http://www.fujaba.de/muml/hardware/platform/1.0/' and _eClass_.name = 'Link')">
    <linkLabelTraces
        visualID="6002"
        queryText="true"/>
  </linkTraces>
  <linkTraces
      visualID="4023"
      queryText="modelFacet.oclIsKindOf(gmfgen::FeatureLinkModelFacet) and (let _feature_:ecore::EStructuralFeature = modelFacet.oclAsType(gmfgen::FeatureLinkModelFacet).metaFeature.ecoreFeature in (let _eClass_:ecore::EClass = _feature_.eContainingClass in _eClass_.ePackage.nsURI = 'http://www.fujaba.de/muml/hardware/platform/1.0/' and _eClass_.name = 'CommunicationMedia') and _feature_.name = 'connectedBridges')"/>
  <linkTraces
      visualID="4027"
      queryText="modelFacet.oclIsKindOf(gmfgen::FeatureLinkModelFacet) and (let _feature_:ecore::EStructuralFeature = modelFacet.oclAsType(gmfgen::FeatureLinkModelFacet).metaFeature.ecoreFeature in (let _eClass_:ecore::EClass = _feature_.eContainingClass in _eClass_.ePackage.nsURI = 'http://www.fujaba.de/muml/hardware/platform/1.0/' and _eClass_.name = 'HWPortPart') and _feature_.name = 'connectedMedia')"/>
</trace:TraceModel>
