<?xml version="1.0" encoding="UTF-8"?>
<trace:TraceModel xmi:version="2.0" xmlns:xmi="http://www.omg.org/XMI" xmlns:trace="http://www.eclipse.org/gmf/2006/Trace">
  <nodeTraces visualID="2015" queryText="(let _eClass_:ecore::EClass = modelFacet.metaClass.ecoreClass in _eClass_.ePackage.nsURI = 'http://www.fujaba.de/muml/model/instance/0.2.7' and _eClass_.name = 'StructuredComponentInstance') and (let _containmentMF_:ecore::EStructuralFeature = modelFacet.containmentMetaFeature.ecoreFeature in (let _eClass_:ecore::EClass = _containmentMF_.eContainingClass in _eClass_.ePackage.nsURI = 'http://www.fujaba.de/muml/model/instance/0.2.7' and _eClass_.name = 'ComponentInstanceConfiguration') and _containmentMF_.name = 'componentInstances')">
    <nodeLabelTraces visualID="5026" queryText="true"/>
    <compartmentTraces visualID="7012" queryText="true"/>
  </nodeTraces>
  <nodeTraces visualID="2016" queryText="(let _eClass_:ecore::EClass = modelFacet.metaClass.ecoreClass in _eClass_.ePackage.nsURI = 'http://www.fujaba.de/muml/model/instance/0.2.7' and _eClass_.name = 'AtomicComponentInstance') and (let _containmentMF_:ecore::EStructuralFeature = modelFacet.containmentMetaFeature.ecoreFeature in (let _eClass_:ecore::EClass = _containmentMF_.eContainingClass in _eClass_.ePackage.nsURI = 'http://www.fujaba.de/muml/model/instance/0.2.7' and _eClass_.name = 'ComponentInstanceConfiguration') and _containmentMF_.name = 'componentInstances')">
    <nodeLabelTraces visualID="5027" queryText="true"/>
  </nodeTraces>
  <nodeTraces visualID="2017" queryText="(let _eClass_:ecore::EClass = modelFacet.metaClass.ecoreClass in _eClass_.ePackage.nsURI = 'http://www.fujaba.de/muml/model/instance/0.2.7' and _eClass_.name = 'HybridPortInstance') and (let _containmentMF_:ecore::EStructuralFeature = modelFacet.containmentMetaFeature.ecoreFeature in (let _eClass_:ecore::EClass = _containmentMF_.eContainingClass in _eClass_.ePackage.nsURI = 'http://www.fujaba.de/muml/model/instance/0.2.7' and _eClass_.name = 'ComponentInstanceConfiguration') and _containmentMF_.name = 'directParentPortInstances')">
    <nodeLabelTraces visualID="5030" queryText="true"/>
  </nodeTraces>
  <nodeTraces visualID="2018" queryText="(let _eClass_:ecore::EClass = modelFacet.metaClass.ecoreClass in _eClass_.ePackage.nsURI = 'http://www.fujaba.de/muml/model/instance/0.2.7' and _eClass_.name = 'DiscreteSinglePortInstance') and (let _containmentMF_:ecore::EStructuralFeature = modelFacet.containmentMetaFeature.ecoreFeature in (let _eClass_:ecore::EClass = _containmentMF_.eContainingClass in _eClass_.ePackage.nsURI = 'http://www.fujaba.de/muml/model/instance/0.2.7' and _eClass_.name = 'ComponentInstanceConfiguration') and _containmentMF_.name = 'directParentPortInstances')">
    <nodeLabelTraces visualID="5031" queryText="true"/>
  </nodeTraces>
  <nodeTraces visualID="2019" queryText="(let _eClass_:ecore::EClass = modelFacet.metaClass.ecoreClass in _eClass_.ePackage.nsURI = 'http://www.fujaba.de/muml/model/instance/0.2.7' and _eClass_.name = 'DiscreteMultiPortInstance') and (let _containmentMF_:ecore::EStructuralFeature = modelFacet.containmentMetaFeature.ecoreFeature in (let _eClass_:ecore::EClass = _containmentMF_.eContainingClass in _eClass_.ePackage.nsURI = 'http://www.fujaba.de/muml/model/instance/0.2.7' and _eClass_.name = 'ComponentInstanceConfiguration') and _containmentMF_.name = 'directParentPortInstances')">
    <nodeLabelTraces visualID="5033" queryText="true"/>
    <compartmentTraces visualID="7015" queryText="true"/>
  </nodeTraces>
  <nodeTraces visualID="2020" queryText="(let _eClass_:ecore::EClass = modelFacet.metaClass.ecoreClass in _eClass_.ePackage.nsURI = 'http://www.fujaba.de/muml/model/instance/0.2.7' and _eClass_.name = 'ContinuousPortInstance') and (let _containmentMF_:ecore::EStructuralFeature = modelFacet.containmentMetaFeature.ecoreFeature in (let _eClass_:ecore::EClass = _containmentMF_.eContainingClass in _eClass_.ePackage.nsURI = 'http://www.fujaba.de/muml/model/instance/0.2.7' and _eClass_.name = 'ComponentInstanceConfiguration') and _containmentMF_.name = 'directParentPortInstances')">
    <nodeLabelTraces visualID="5034" queryText="true"/>
  </nodeTraces>
  <childNodeTraces visualID="3023" queryText="(let _eClass_:ecore::EClass = modelFacet.metaClass.ecoreClass in _eClass_.ePackage.nsURI = 'http://www.fujaba.de/muml/model/instance/0.2.7' and _eClass_.name = 'ComponentInstanceConfiguration') and (let _containmentMF_:ecore::EStructuralFeature = modelFacet.containmentMetaFeature.ecoreFeature in (let _eClass_:ecore::EClass = _containmentMF_.eContainingClass in _eClass_.ePackage.nsURI = 'http://www.fujaba.de/muml/model/instance/0.2.7' and _eClass_.name = 'StructuredComponentInstance') and _containmentMF_.name = 'embeddedCIC')">
    <compartmentTraces visualID="7013" queryText="true"/>
  </childNodeTraces>
  <childNodeTraces visualID="3024" queryText="(let _eClass_:ecore::EClass = modelFacet.metaClass.ecoreClass in _eClass_.ePackage.nsURI = 'http://www.fujaba.de/muml/model/instance/0.2.7' and _eClass_.name = 'AtomicComponentInstance') and (let _containmentMF_:ecore::EStructuralFeature = modelFacet.containmentMetaFeature.ecoreFeature in (let _eClass_:ecore::EClass = _containmentMF_.eContainingClass in _eClass_.ePackage.nsURI = 'http://www.fujaba.de/muml/model/instance/0.2.7' and _eClass_.name = 'ComponentInstanceConfiguration') and _containmentMF_.name = 'componentInstances')">
    <nodeLabelTraces visualID="5028" queryText="true"/>
  </childNodeTraces>
  <childNodeTraces visualID="3025" queryText="(let _eClass_:ecore::EClass = modelFacet.metaClass.ecoreClass in _eClass_.ePackage.nsURI = 'http://www.fujaba.de/muml/model/instance/0.2.7' and _eClass_.name = 'StructuredComponentInstance') and (let _containmentMF_:ecore::EStructuralFeature = modelFacet.containmentMetaFeature.ecoreFeature in (let _eClass_:ecore::EClass = _containmentMF_.eContainingClass in _eClass_.ePackage.nsURI = 'http://www.fujaba.de/muml/model/instance/0.2.7' and _eClass_.name = 'ComponentInstanceConfiguration') and _containmentMF_.name = 'componentInstances')">
    <nodeLabelTraces visualID="5029" queryText="true"/>
    <compartmentTraces visualID="7014" queryText="true"/>
  </childNodeTraces>
  <childNodeTraces visualID="3026" queryText="(let _eClass_:ecore::EClass = modelFacet.metaClass.ecoreClass in _eClass_.ePackage.nsURI = 'http://www.fujaba.de/muml/model/instance/0.2.7' and _eClass_.name = 'DiscreteSinglePortInstance') and (let _containmentMF_:ecore::EStructuralFeature = modelFacet.containmentMetaFeature.ecoreFeature in (let _eClass_:ecore::EClass = _containmentMF_.eContainingClass in _eClass_.ePackage.nsURI = 'http://www.fujaba.de/muml/model/instance/0.2.7' and _eClass_.name = 'DiscreteMultiPortInstance') and _containmentMF_.name = 'gmfSubPortInstances')">
    <nodeLabelTraces visualID="5032" queryText="true"/>
  </childNodeTraces>
  <childNodeTraces visualID="3027" queryText="(let _eClass_:ecore::EClass = modelFacet.metaClass.ecoreClass in _eClass_.ePackage.nsURI = 'http://www.fujaba.de/muml/model/instance/0.2.7' and _eClass_.name = 'HybridPortInstance') and (let _containmentMF_:ecore::EStructuralFeature = modelFacet.containmentMetaFeature.ecoreFeature in (let _eClass_:ecore::EClass = _containmentMF_.eContainingClass in _eClass_.ePackage.nsURI = 'http://www.fujaba.de/muml/model/instance/0.2.7' and _eClass_.name = 'ComponentInstance') and _containmentMF_.name = 'directPortInstances')">
    <nodeLabelTraces visualID="5035" queryText="true"/>
  </childNodeTraces>
  <childNodeTraces visualID="3028" queryText="(let _eClass_:ecore::EClass = modelFacet.metaClass.ecoreClass in _eClass_.ePackage.nsURI = 'http://www.fujaba.de/muml/model/instance/0.2.7' and _eClass_.name = 'DiscreteSinglePortInstance') and (let _containmentMF_:ecore::EStructuralFeature = modelFacet.containmentMetaFeature.ecoreFeature in (let _eClass_:ecore::EClass = _containmentMF_.eContainingClass in _eClass_.ePackage.nsURI = 'http://www.fujaba.de/muml/model/instance/0.2.7' and _eClass_.name = 'ComponentInstance') and _containmentMF_.name = 'directPortInstances')">
    <nodeLabelTraces visualID="5036" queryText="true"/>
  </childNodeTraces>
  <childNodeTraces visualID="3029" queryText="(let _eClass_:ecore::EClass = modelFacet.metaClass.ecoreClass in _eClass_.ePackage.nsURI = 'http://www.fujaba.de/muml/model/instance/0.2.7' and _eClass_.name = 'DiscreteMultiPortInstance') and (let _containmentMF_:ecore::EStructuralFeature = modelFacet.containmentMetaFeature.ecoreFeature in (let _eClass_:ecore::EClass = _containmentMF_.eContainingClass in _eClass_.ePackage.nsURI = 'http://www.fujaba.de/muml/model/instance/0.2.7' and _eClass_.name = 'ComponentInstance') and _containmentMF_.name = 'directPortInstances')">
    <nodeLabelTraces visualID="5037" queryText="true"/>
    <compartmentTraces visualID="7016" queryText="true"/>
  </childNodeTraces>
  <childNodeTraces visualID="3030" queryText="(let _eClass_:ecore::EClass = modelFacet.metaClass.ecoreClass in _eClass_.ePackage.nsURI = 'http://www.fujaba.de/muml/model/instance/0.2.7' and _eClass_.name = 'ContinuousPortInstance') and (let _containmentMF_:ecore::EStructuralFeature = modelFacet.containmentMetaFeature.ecoreFeature in (let _eClass_:ecore::EClass = _containmentMF_.eContainingClass in _eClass_.ePackage.nsURI = 'http://www.fujaba.de/muml/model/instance/0.2.7' and _eClass_.name = 'ComponentInstance') and _containmentMF_.name = 'directPortInstances')">
    <nodeLabelTraces visualID="5038" queryText="true"/>
  </childNodeTraces>
  <linkTraces visualID="4005" queryText="modelFacet.oclIsKindOf(gmfgen::TypeLinkModelFacet) and (let _eClass_:ecore::EClass = modelFacet.oclAsType(gmfgen::TypeLinkModelFacet).metaClass.ecoreClass in _eClass_.ePackage.nsURI = 'http://www.fujaba.de/muml/model/instance/0.2.7' and _eClass_.name = 'AssemblyInstance')"/>
  <linkTraces visualID="4006" queryText="modelFacet.oclIsKindOf(gmfgen::TypeLinkModelFacet) and (let _eClass_:ecore::EClass = modelFacet.oclAsType(gmfgen::TypeLinkModelFacet).metaClass.ecoreClass in _eClass_.ePackage.nsURI = 'http://www.fujaba.de/muml/model/instance/0.2.7' and _eClass_.name = 'DelegationInstance')"/>
</trace:TraceModel>
