<?xml version="1.0" encoding="UTF-8"?>
<trace:TraceModel
    xmi:version="2.0"
    xmlns:xmi="http://www.omg.org/XMI"
    xmlns:trace="http://www.eclipse.org/gmf/2006/Trace">
  <nodeTraces
      visualID="2004"
      queryText="(let _eClass_:ecore::EClass = modelFacet.metaClass.ecoreClass in _eClass_.ePackage.nsURI = 'http://www.fujaba.de/muml/hardware/hwresourceinstance/1.0/' and _eClass_.name = 'SensorInstance') and (let _containmentMF_:ecore::EStructuralFeature = modelFacet.containmentMetaFeature.ecoreFeature in (let _eClass_:ecore::EClass = _containmentMF_.eContainingClass in _eClass_.ePackage.nsURI = 'http://www.fujaba.de/muml/hardware/hwresourceinstance/1.0/' and _eClass_.name = 'ResourceInstanceRepository') and _containmentMF_.name = 'resourceInstances')">
    <nodeLabelTraces
        visualID="5036"
        queryText="true"/>
    <nodeLabelTraces
        visualID="5037"
        queryText="true"/>
    <nodeLabelTraces
        visualID="5038"
        queryText="true"/>
  </nodeTraces>
  <nodeTraces
      visualID="2005"
      queryText="(let _eClass_:ecore::EClass = modelFacet.metaClass.ecoreClass in _eClass_.ePackage.nsURI = 'http://www.fujaba.de/muml/hardware/hwresourceinstance/1.0/' and _eClass_.name = 'ActuatorInstance') and (let _containmentMF_:ecore::EStructuralFeature = modelFacet.containmentMetaFeature.ecoreFeature in (let _eClass_:ecore::EClass = _containmentMF_.eContainingClass in _eClass_.ePackage.nsURI = 'http://www.fujaba.de/muml/hardware/hwresourceinstance/1.0/' and _eClass_.name = 'ResourceInstanceRepository') and _containmentMF_.name = 'resourceInstances')">
    <nodeLabelTraces
        visualID="5039"
        queryText="true"/>
    <nodeLabelTraces
        visualID="5040"
        queryText="true"/>
    <nodeLabelTraces
        visualID="5041"
        queryText="true"/>
  </nodeTraces>
  <nodeTraces
      visualID="2006"
      queryText="(let _eClass_:ecore::EClass = modelFacet.metaClass.ecoreClass in _eClass_.ePackage.nsURI = 'http://www.fujaba.de/muml/hardware/hwresourceinstance/1.0/' and _eClass_.name = 'StructuredResourceInstance') and (let _containmentMF_:ecore::EStructuralFeature = modelFacet.containmentMetaFeature.ecoreFeature in (let _eClass_:ecore::EClass = _containmentMF_.eContainingClass in _eClass_.ePackage.nsURI = 'http://www.fujaba.de/muml/hardware/hwresourceinstance/1.0/' and _eClass_.name = 'ResourceInstanceRepository') and _containmentMF_.name = 'resourceInstances')">
    <nodeLabelTraces
        visualID="5065"
        queryText="true"/>
    <nodeLabelTraces
        visualID="5066"
        queryText="true"/>
    <nodeLabelTraces
        visualID="5067"
        queryText="true"/>
    <compartmentTraces
        visualID="7002"
        queryText="true"/>
  </nodeTraces>
  <childNodeTraces
      visualID="3008"
      queryText="(let _eClass_:ecore::EClass = modelFacet.metaClass.ecoreClass in _eClass_.ePackage.nsURI = 'http://www.fujaba.de/muml/hardware/hwresource/1.0/' and _eClass_.name = 'CommunicationResource') and (let _containmentMF_:ecore::EStructuralFeature = modelFacet.containmentMetaFeature.ecoreFeature in (let _eClass_:ecore::EClass = _containmentMF_.eContainingClass in _eClass_.ePackage.nsURI = 'http://www.fujaba.de/muml/hardware/hwresource/1.0/' and _eClass_.name = 'Resource') and _containmentMF_.name = 'hwports')">
    <nodeLabelTraces
        visualID="5035"
        queryText="true"/>
  </childNodeTraces>
  <childNodeTraces
      visualID="3009"
      queryText="(let _eClass_:ecore::EClass = modelFacet.metaClass.ecoreClass in _eClass_.ePackage.nsURI = 'http://www.fujaba.de/muml/hardware/hwresourceinstance/1.0/' and _eClass_.name = 'CacheInstance') and (let _containmentMF_:ecore::EStructuralFeature = modelFacet.containmentMetaFeature.ecoreFeature in (let _eClass_:ecore::EClass = _containmentMF_.eContainingClass in _eClass_.ePackage.nsURI = 'http://www.fujaba.de/muml/hardware/hwresourceinstance/1.0/' and _eClass_.name = 'StructuredResourceInstance') and _containmentMF_.name = 'embeddedAtomicResourceInstances')">
    <nodeLabelTraces
        visualID="5042"
        queryText="true"/>
    <nodeLabelTraces
        visualID="5043"
        queryText="true"/>
    <nodeLabelTraces
        visualID="5044"
        queryText="true"/>
    <nodeLabelTraces
        visualID="5045"
        queryText="true"/>
  </childNodeTraces>
  <childNodeTraces
      visualID="3010"
      queryText="(let _eClass_:ecore::EClass = modelFacet.metaClass.ecoreClass in _eClass_.ePackage.nsURI = 'http://www.fujaba.de/muml/hardware/hwresourceinstance/1.0/' and _eClass_.name = 'ProgrammableLogicDeviceInstance') and (let _containmentMF_:ecore::EStructuralFeature = modelFacet.containmentMetaFeature.ecoreFeature in (let _eClass_:ecore::EClass = _containmentMF_.eContainingClass in _eClass_.ePackage.nsURI = 'http://www.fujaba.de/muml/hardware/hwresourceinstance/1.0/' and _eClass_.name = 'StructuredResourceInstance') and _containmentMF_.name = 'embeddedAtomicResourceInstances')">
    <nodeLabelTraces
        visualID="5046"
        queryText="true"/>
    <nodeLabelTraces
        visualID="5047"
        queryText="true"/>
    <nodeLabelTraces
        visualID="5048"
        queryText="true"/>
    <nodeLabelTraces
        visualID="5049"
        queryText="true"/>
  </childNodeTraces>
  <childNodeTraces
      visualID="3011"
      queryText="(let _eClass_:ecore::EClass = modelFacet.metaClass.ecoreClass in _eClass_.ePackage.nsURI = 'http://www.fujaba.de/muml/hardware/hwresourceinstance/1.0/' and _eClass_.name = 'ProcessorInstance') and (let _containmentMF_:ecore::EStructuralFeature = modelFacet.containmentMetaFeature.ecoreFeature in (let _eClass_:ecore::EClass = _containmentMF_.eContainingClass in _eClass_.ePackage.nsURI = 'http://www.fujaba.de/muml/hardware/hwresourceinstance/1.0/' and _eClass_.name = 'StructuredResourceInstance') and _containmentMF_.name = 'embeddedAtomicResourceInstances')">
    <nodeLabelTraces
        visualID="5050"
        queryText="true"/>
    <nodeLabelTraces
        visualID="5051"
        queryText="true"/>
    <nodeLabelTraces
        visualID="5052"
        queryText="true"/>
    <nodeLabelTraces
        visualID="5053"
        queryText="true"/>
    <nodeLabelTraces
        visualID="5054"
        queryText="true"/>
  </childNodeTraces>
  <childNodeTraces
      visualID="3012"
      queryText="(let _eClass_:ecore::EClass = modelFacet.metaClass.ecoreClass in _eClass_.ePackage.nsURI = 'http://www.fujaba.de/muml/hardware/hwresourceinstance/1.0/' and _eClass_.name = 'ProcessingMemoryInstance') and (let _containmentMF_:ecore::EStructuralFeature = modelFacet.containmentMetaFeature.ecoreFeature in (let _eClass_:ecore::EClass = _containmentMF_.eContainingClass in _eClass_.ePackage.nsURI = 'http://www.fujaba.de/muml/hardware/hwresourceinstance/1.0/' and _eClass_.name = 'StructuredResourceInstance') and _containmentMF_.name = 'embeddedAtomicResourceInstances')">
    <nodeLabelTraces
        visualID="5055"
        queryText="true"/>
    <nodeLabelTraces
        visualID="5056"
        queryText="true"/>
    <nodeLabelTraces
        visualID="5057"
        queryText="true"/>
    <nodeLabelTraces
        visualID="5058"
        queryText="true"/>
    <nodeLabelTraces
        visualID="5059"
        queryText="true"/>
  </childNodeTraces>
  <childNodeTraces
      visualID="3013"
      queryText="(let _eClass_:ecore::EClass = modelFacet.metaClass.ecoreClass in _eClass_.ePackage.nsURI = 'http://www.fujaba.de/muml/hardware/hwresourceinstance/1.0/' and _eClass_.name = 'StorageMemoryInstance') and (let _containmentMF_:ecore::EStructuralFeature = modelFacet.containmentMetaFeature.ecoreFeature in (let _eClass_:ecore::EClass = _containmentMF_.eContainingClass in _eClass_.ePackage.nsURI = 'http://www.fujaba.de/muml/hardware/hwresourceinstance/1.0/' and _eClass_.name = 'StructuredResourceInstance') and _containmentMF_.name = 'embeddedAtomicResourceInstances')">
    <nodeLabelTraces
        visualID="5060"
        queryText="true"/>
    <nodeLabelTraces
        visualID="5061"
        queryText="true"/>
    <nodeLabelTraces
        visualID="5062"
        queryText="true"/>
    <nodeLabelTraces
        visualID="5063"
        queryText="true"/>
    <nodeLabelTraces
        visualID="5064"
        queryText="true"/>
  </childNodeTraces>
  <linkTraces
      visualID="4002"
      queryText="modelFacet.oclIsKindOf(gmfgen::FeatureLinkModelFacet) and (let _feature_:ecore::EStructuralFeature = modelFacet.oclAsType(gmfgen::FeatureLinkModelFacet).metaFeature.ecoreFeature in (let _eClass_:ecore::EClass = _feature_.eContainingClass in _eClass_.ePackage.nsURI = 'http://www.fujaba.de/muml/hardware/hwresourceinstance/1.0/' and _eClass_.name = 'ProcessorInstance') and _feature_.name = 'ownedCacheInstance')"/>
</trace:TraceModel>
