<?xml version="1.0" encoding="UTF-8"?>
<trace:TraceModel xmi:version="2.0" xmlns:xmi="http://www.omg.org/XMI" xmlns:trace="http://www.eclipse.org/gmf/2006/Trace">
  <nodeTraces visualID="2003" queryText="(let _eClass_:ecore::EClass = modelFacet.metaClass.ecoreClass in _eClass_.ePackage.nsURI = 'http://www.storydriven.org/storydiagrams/activities/0.2.1' and _eClass_.name = 'Activity') and (let _containmentMF_:ecore::EStructuralFeature = modelFacet.containmentMetaFeature.ecoreFeature in (let _eClass_:ecore::EClass = _containmentMF_.eContainingClass in _eClass_.ePackage.nsURI = 'http://www.fujaba.de/muml/componentstorydiagram/controlflow/0.3.1' and _eClass_.name = 'ComponentStoryRule') and _containmentMF_.name = 'activity')">
    <compartmentTraces visualID="7001" queryText="true"/>
  </nodeTraces>
  <childNodeTraces visualID="3001" queryText="(let _eClass_:ecore::EClass = modelFacet.metaClass.ecoreClass in _eClass_.ePackage.nsURI = 'http://www.fujaba.de/muml/componentstorydiagram/controlflow/0.3.1' and _eClass_.name = 'ComponentStoryNode') and (let _containmentMF_:ecore::EStructuralFeature = modelFacet.containmentMetaFeature.ecoreFeature in (let _eClass_:ecore::EClass = _containmentMF_.eContainingClass in _eClass_.ePackage.nsURI = 'http://www.storydriven.org/storydiagrams/activities/0.2.1' and _eClass_.name = 'Activity') and _containmentMF_.name = 'ownedActivityNode')">
    <nodeLabelTraces visualID="5001" queryText="true"/>
    <compartmentTraces visualID="7002" queryText="true"/>
  </childNodeTraces>
  <childNodeTraces visualID="3002" queryText="(let _eClass_:ecore::EClass = modelFacet.metaClass.ecoreClass in _eClass_.ePackage.nsURI = 'http://www.fujaba.de/muml/componentstorydiagram/componentstorypattern/0.3.1' and _eClass_.name = 'ComponentStoryPattern') and (let _containmentMF_:ecore::EStructuralFeature = modelFacet.containmentMetaFeature.ecoreFeature in (let _eClass_:ecore::EClass = _containmentMF_.eContainingClass in _eClass_.ePackage.nsURI = 'http://www.fujaba.de/muml/componentstorydiagram/controlflow/0.3.1' and _eClass_.name = 'ComponentStoryNode') and _containmentMF_.name = 'componentStoryPattern')">
    <compartmentTraces visualID="7003" queryText="true"/>
  </childNodeTraces>
  <childNodeTraces visualID="3003" queryText="(let _eClass_:ecore::EClass = modelFacet.metaClass.ecoreClass in _eClass_.ePackage.nsURI = 'http://www.fujaba.de/muml/componentstorydiagram/componentstorypattern/0.3.1' and _eClass_.name = 'ComponentVariable') and (let _containmentMF_:ecore::EStructuralFeature = modelFacet.containmentMetaFeature.ecoreFeature in (let _eClass_:ecore::EClass = _containmentMF_.eContainingClass in _eClass_.ePackage.nsURI = 'http://www.fujaba.de/muml/componentstorydiagram/componentstorypattern/0.3.1' and _eClass_.name = 'ComponentStoryPattern') and _containmentMF_.name = 'thisVariable')">
    <nodeLabelTraces visualID="5002" queryText="true"/>
    <nodeLabelTraces visualID="5003" queryText="true"/>
    <compartmentTraces visualID="7004" queryText="true"/>
  </childNodeTraces>
  <childNodeTraces visualID="3004" queryText="(let _eClass_:ecore::EClass = modelFacet.metaClass.ecoreClass in _eClass_.ePackage.nsURI = 'http://www.fujaba.de/muml/componentstorydiagram/componentstorypattern/0.3.1' and _eClass_.name = 'PortVariable') and (let _containmentMF_:ecore::EStructuralFeature = modelFacet.containmentMetaFeature.ecoreFeature in (let _eClass_:ecore::EClass = _containmentMF_.eContainingClass in _eClass_.ePackage.nsURI = 'http://www.fujaba.de/muml/componentstorydiagram/componentstorypattern/0.3.1' and _eClass_.name = 'ComponentVariable') and _containmentMF_.name = 'portVariables')"/>
  <childNodeTraces visualID="3005" queryText="(let _eClass_:ecore::EClass = modelFacet.metaClass.ecoreClass in _eClass_.ePackage.nsURI = 'http://www.fujaba.de/muml/componentstorydiagram/componentstorypattern/0.3.1' and _eClass_.name = 'PartVariable') and (let _containmentMF_:ecore::EStructuralFeature = modelFacet.containmentMetaFeature.ecoreFeature in (let _eClass_:ecore::EClass = _containmentMF_.eContainingClass in _eClass_.ePackage.nsURI = 'http://www.fujaba.de/muml/componentstorydiagram/componentstorypattern/0.3.1' and _eClass_.name = 'ComponentVariable') and _containmentMF_.name = 'partVariables')"/>
  <childNodeTraces visualID="3006" queryText="(let _eClass_:ecore::EClass = modelFacet.metaClass.ecoreClass in _eClass_.ePackage.nsURI = 'http://www.fujaba.de/muml/componentstorydiagram/componentstorypattern/0.3.1' and _eClass_.name = 'PortVariable') and (let _containmentMF_:ecore::EStructuralFeature = modelFacet.containmentMetaFeature.ecoreFeature in (let _eClass_:ecore::EClass = _containmentMF_.eContainingClass in _eClass_.ePackage.nsURI = 'http://www.fujaba.de/muml/componentstorydiagram/componentstorypattern/0.3.1' and _eClass_.name = 'PartVariable') and _containmentMF_.name = 'portVariables')"/>
  <linkTraces visualID="4001" queryText="modelFacet.oclIsKindOf(gmfgen::TypeLinkModelFacet) and (let _eClass_:ecore::EClass = modelFacet.oclAsType(gmfgen::TypeLinkModelFacet).metaClass.ecoreClass in _eClass_.ePackage.nsURI = 'http://www.storydriven.org/storydiagrams/activities/0.2.1' and _eClass_.name = 'ActivityEdge')">
    <linkLabelTraces visualID="6001" queryText="true"/>
  </linkTraces>
  <linkTraces visualID="4002" queryText="modelFacet.oclIsKindOf(gmfgen::TypeLinkModelFacet) and (let _eClass_:ecore::EClass = modelFacet.oclAsType(gmfgen::TypeLinkModelFacet).metaClass.ecoreClass in _eClass_.ePackage.nsURI = 'http://www.fujaba.de/muml/componentstorydiagram/componentstorypattern/0.3.1' and _eClass_.name = 'AssemblyVariable')"/>
  <linkTraces visualID="4003" queryText="modelFacet.oclIsKindOf(gmfgen::TypeLinkModelFacet) and (let _eClass_:ecore::EClass = modelFacet.oclAsType(gmfgen::TypeLinkModelFacet).metaClass.ecoreClass in _eClass_.ePackage.nsURI = 'http://www.fujaba.de/muml/componentstorydiagram/componentstorypattern/0.3.1' and _eClass_.name = 'DelegationVariable')"/>
</trace:TraceModel>
