<?xml version="1.0" encoding="UTF-8"?>
<trace:TraceModel xmi:version="2.0"
    xmlns:xmi="http://www.omg.org/XMI"
    xmlns:trace="http://www.eclipse.org/gmf/2006/Trace">
  <nodeTraces
      visualID="2002"
      queryText="(let _eClass_:ecore::EClass = modelFacet.metaClass.ecoreClass in _eClass_.ePackage.nsURI = 'http:///de/uni_paderborn/fujaba/muml/model/component' and _eClass_.name = 'StructuredComponent') and (let _containmentMF_:ecore::EStructuralFeature = modelFacet.containmentMetaFeature.ecoreFeature in (let _eClass_:ecore::EClass = _containmentMF_.eContainingClass in _eClass_.ePackage.nsURI = 'http:///de/uni_paderborn/fujaba/muml/modelinstance' and _eClass_.name = 'ModelElementCategory') and _containmentMF_.name = 'modelElements')">
    <nodeLabelTraces
        visualID="5004"
        queryText="true"/>
    <compartmentTraces
        visualID="7002"
        queryText="true"/>
  </nodeTraces>
  <childNodeTraces
      visualID="3005"
      queryText="(let _eClass_:ecore::EClass = modelFacet.metaClass.ecoreClass in _eClass_.ePackage.nsURI = 'http:///de/uni_paderborn/fujaba/muml/model/component' and _eClass_.name = 'ComponentPart') and (let _containmentMF_:ecore::EStructuralFeature = modelFacet.containmentMetaFeature.ecoreFeature in (let _eClass_:ecore::EClass = _containmentMF_.eContainingClass in _eClass_.ePackage.nsURI = 'http:///de/uni_paderborn/fujaba/muml/model/component' and _eClass_.name = 'StructuredComponent') and _containmentMF_.name = 'embeddedParts')">
    <nodeLabelTraces
        visualID="5003"
        queryText="true"/>
  </childNodeTraces>
  <childNodeTraces
      visualID="3007"
      queryText="(let _eClass_:ecore::EClass = modelFacet.metaClass.ecoreClass in _eClass_.ePackage.nsURI = 'http:///de/uni_paderborn/fujaba/muml/model/component' and _eClass_.name = 'HybridPort') and (let _containmentMF_:ecore::EStructuralFeature = modelFacet.containmentMetaFeature.ecoreFeature in (let _eClass_:ecore::EClass = _containmentMF_.eContainingClass in _eClass_.ePackage.nsURI = 'http:///de/uni_paderborn/fujaba/muml/model/component' and _eClass_.name = 'Component') and _containmentMF_.name = 'ports')"/>
  <childNodeTraces
      visualID="3008"
      queryText="(let _eClass_:ecore::EClass = modelFacet.metaClass.ecoreClass in _eClass_.ePackage.nsURI = 'http:///de/uni_paderborn/fujaba/muml/model/component' and _eClass_.name = 'DiscretePort') and (let _containmentMF_:ecore::EStructuralFeature = modelFacet.containmentMetaFeature.ecoreFeature in (let _eClass_:ecore::EClass = _containmentMF_.eContainingClass in _eClass_.ePackage.nsURI = 'http:///de/uni_paderborn/fujaba/muml/model/component' and _eClass_.name = 'Component') and _containmentMF_.name = 'ports')"/>
  <childNodeTraces
      visualID="3009"
      queryText="(let _eClass_:ecore::EClass = modelFacet.metaClass.ecoreClass in _eClass_.ePackage.nsURI = 'http:///de/uni_paderborn/fujaba/muml/model/component' and _eClass_.name = 'ContinuousPort') and (let _containmentMF_:ecore::EStructuralFeature = modelFacet.containmentMetaFeature.ecoreFeature in (let _eClass_:ecore::EClass = _containmentMF_.eContainingClass in _eClass_.ePackage.nsURI = 'http:///de/uni_paderborn/fujaba/muml/model/component' and _eClass_.name = 'Component') and _containmentMF_.name = 'ports')"/>
  <childNodeTraces
      visualID="3010"
      queryText="(let _eClass_:ecore::EClass = modelFacet.metaClass.ecoreClass in _eClass_.ePackage.nsURI = 'http:///de/uni_paderborn/fujaba/muml/model/component' and _eClass_.name = 'HardwarePort') and (let _containmentMF_:ecore::EStructuralFeature = modelFacet.containmentMetaFeature.ecoreFeature in (let _eClass_:ecore::EClass = _containmentMF_.eContainingClass in _eClass_.ePackage.nsURI = 'http:///de/uni_paderborn/fujaba/muml/model/component' and _eClass_.name = 'Component') and _containmentMF_.name = 'ports')"/>
  <childNodeTraces
      visualID="3011"
      queryText="(let _eClass_:ecore::EClass = modelFacet.metaClass.ecoreClass in _eClass_.ePackage.nsURI = 'http:///de/uni_paderborn/fujaba/muml/model/component' and _eClass_.name = 'HybridPort') and (let _containmentMF_:ecore::EStructuralFeature = modelFacet.containmentMetaFeature.ecoreFeature in (let _eClass_:ecore::EClass = _containmentMF_.eContainingClass in _eClass_.ePackage.nsURI = 'http:///de/uni_paderborn/fujaba/muml/model/component' and _eClass_.name = 'ComponentPart') and _containmentMF_.name = 'portsDerived')"/>
  <childNodeTraces
      visualID="3012"
      queryText="(let _eClass_:ecore::EClass = modelFacet.metaClass.ecoreClass in _eClass_.ePackage.nsURI = 'http:///de/uni_paderborn/fujaba/muml/model/component' and _eClass_.name = 'DiscretePort') and (let _containmentMF_:ecore::EStructuralFeature = modelFacet.containmentMetaFeature.ecoreFeature in (let _eClass_:ecore::EClass = _containmentMF_.eContainingClass in _eClass_.ePackage.nsURI = 'http:///de/uni_paderborn/fujaba/muml/model/component' and _eClass_.name = 'ComponentPart') and _containmentMF_.name = 'portsDerived')"/>
  <childNodeTraces
      visualID="3013"
      queryText="(let _eClass_:ecore::EClass = modelFacet.metaClass.ecoreClass in _eClass_.ePackage.nsURI = 'http:///de/uni_paderborn/fujaba/muml/model/component' and _eClass_.name = 'ContinuousPort') and (let _containmentMF_:ecore::EStructuralFeature = modelFacet.containmentMetaFeature.ecoreFeature in (let _eClass_:ecore::EClass = _containmentMF_.eContainingClass in _eClass_.ePackage.nsURI = 'http:///de/uni_paderborn/fujaba/muml/model/component' and _eClass_.name = 'ComponentPart') and _containmentMF_.name = 'portsDerived')"/>
  <childNodeTraces
      visualID="3014"
      queryText="(let _eClass_:ecore::EClass = modelFacet.metaClass.ecoreClass in _eClass_.ePackage.nsURI = 'http:///de/uni_paderborn/fujaba/muml/model/component' and _eClass_.name = 'HardwarePort') and (let _containmentMF_:ecore::EStructuralFeature = modelFacet.containmentMetaFeature.ecoreFeature in (let _eClass_:ecore::EClass = _containmentMF_.eContainingClass in _eClass_.ePackage.nsURI = 'http:///de/uni_paderborn/fujaba/muml/model/component' and _eClass_.name = 'ComponentPart') and _containmentMF_.name = 'portsDerived')"/>
  <linkTraces
      visualID="4003"
      queryText="modelFacet.oclIsKindOf(gmfgen::TypeLinkModelFacet) and (let _eClass_:ecore::EClass = modelFacet.oclAsType(gmfgen::TypeLinkModelFacet).metaClass.ecoreClass in _eClass_.ePackage.nsURI = 'http:///de/uni_paderborn/fujaba/muml/model/component' and _eClass_.name = 'Delegation')"/>
  <linkTraces
      visualID="4004"
      queryText="modelFacet.oclIsKindOf(gmfgen::TypeLinkModelFacet) and (let _eClass_:ecore::EClass = modelFacet.oclAsType(gmfgen::TypeLinkModelFacet).metaClass.ecoreClass in _eClass_.ePackage.nsURI = 'http:///de/uni_paderborn/fujaba/muml/model/component' and _eClass_.name = 'Assembly')"/>
</trace:TraceModel>
