<?xml version="1.0" encoding="UTF-8"?>
<trace:TraceModel
    xmi:version="2.0"
    xmlns:xmi="http://www.omg.org/XMI"
    xmlns:trace="http://www.eclipse.org/gmf/2006/Trace">
  <nodeTraces
      visualID="2003"
      queryText="(let _eClass_:ecore::EClass = modelFacet.metaClass.ecoreClass in _eClass_.ePackage.nsURI = 'http://www.muml.org/storydiagram/verification/sdd/basicsdd/1.0.0' and _eClass_.name = 'StoryPatternNode') and (let _containmentMF_:ecore::EStructuralFeature = modelFacet.containmentMetaFeature.ecoreFeature in (let _eClass_:ecore::EClass = _containmentMF_.eContainingClass in _eClass_.ePackage.nsURI = 'http://www.muml.org/storydiagram/verification/sdd/1.0.0' and _eClass_.name = 'AbstractStoryDecisionDiagram') and _containmentMF_.name = 'nodes')">
    <nodeLabelTraces
        visualID="5014"
        queryText="true"/>
    <nodeLabelTraces
        visualID="5015"
        queryText="true"/>
    <compartmentTraces
        visualID="7012"
        queryText="true"/>
  </nodeTraces>
  <nodeTraces
      visualID="2004"
      queryText="(let _eClass_:ecore::EClass = modelFacet.metaClass.ecoreClass in _eClass_.ePackage.nsURI = 'http://www.muml.org/storydiagram/verification/sdd/1.0.0' and _eClass_.name = 'LeafNode') and (let _containmentMF_:ecore::EStructuralFeature = modelFacet.containmentMetaFeature.ecoreFeature in (let _eClass_:ecore::EClass = _containmentMF_.eContainingClass in _eClass_.ePackage.nsURI = 'http://www.muml.org/storydiagram/verification/sdd/1.0.0' and _eClass_.name = 'AbstractStoryDecisionDiagram') and _containmentMF_.name = 'nodes')"/>
  <childNodeTraces
      visualID="3006"
      queryText="(let _eClass_:ecore::EClass = modelFacet.metaClass.ecoreClass in _eClass_.ePackage.nsURI = 'http://www.muml.org/storydiagram/patterns/1.0.0' and _eClass_.name = 'CollectionVariable') and (let _containmentMF_:ecore::EStructuralFeature = modelFacet.containmentMetaFeature.ecoreFeature in (let _eClass_:ecore::EClass = _containmentMF_.eContainingClass in _eClass_.ePackage.nsURI = 'http://www.muml.org/storydiagram/patterns/1.0.0' and _eClass_.name = 'StoryPattern') and _containmentMF_.name = 'variable')">
    <nodeLabelTraces
        visualID="5008"
        queryText="true"/>
    <nodeLabelTraces
        visualID="5009"
        queryText="true"/>
    <nodeLabelTraces
        visualID="5010"
        queryText="true"/>
    <compartmentTraces
        visualID="7008"
        queryText="true"/>
    <compartmentTraces
        visualID="7009"
        queryText="true"/>
  </childNodeTraces>
  <childNodeTraces
      visualID="3007"
      queryText="(let _eClass_:ecore::EClass = modelFacet.metaClass.ecoreClass in _eClass_.ePackage.nsURI = 'http://www.muml.org/storydiagram/patterns/1.0.0' and _eClass_.name = 'AttributeAssignment') and (let _containmentMF_:ecore::EStructuralFeature = modelFacet.containmentMetaFeature.ecoreFeature in (let _eClass_:ecore::EClass = _containmentMF_.eContainingClass in _eClass_.ePackage.nsURI = 'http://www.muml.org/storydiagram/patterns/1.0.0' and _eClass_.name = 'ObjectVariable') and _containmentMF_.name = 'attributeAssignment')"/>
  <childNodeTraces
      visualID="3008"
      queryText="(let _eClass_:ecore::EClass = modelFacet.metaClass.ecoreClass in _eClass_.ePackage.nsURI = 'http://www.muml.org/storydiagram/patterns/1.0.0' and _eClass_.name = 'Constraint') and (let _containmentMF_:ecore::EStructuralFeature = modelFacet.containmentMetaFeature.ecoreFeature in (let _eClass_:ecore::EClass = _containmentMF_.eContainingClass in _eClass_.ePackage.nsURI = 'http://www.muml.org/storydiagram/patterns/1.0.0' and _eClass_.name = 'AbstractVariable') and _containmentMF_.name = 'constraint')"/>
  <childNodeTraces
      visualID="3009"
      queryText="(let _eClass_:ecore::EClass = modelFacet.metaClass.ecoreClass in _eClass_.ePackage.nsURI = 'http://www.muml.org/storydiagram/patterns/1.0.0' and _eClass_.name = 'ObjectVariable') and (let _containmentMF_:ecore::EStructuralFeature = modelFacet.containmentMetaFeature.ecoreFeature in (let _eClass_:ecore::EClass = _containmentMF_.eContainingClass in _eClass_.ePackage.nsURI = 'http://www.muml.org/storydiagram/patterns/1.0.0' and _eClass_.name = 'StoryPattern') and _containmentMF_.name = 'variable')">
    <nodeLabelTraces
        visualID="5011"
        queryText="true"/>
    <nodeLabelTraces
        visualID="5012"
        queryText="true"/>
    <nodeLabelTraces
        visualID="5013"
        queryText="true"/>
    <compartmentTraces
        visualID="7010"
        queryText="true"/>
    <compartmentTraces
        visualID="7011"
        queryText="true"/>
  </childNodeTraces>
  <childNodeTraces
      visualID="3010"
      queryText="(let _eClass_:ecore::EClass = modelFacet.metaClass.ecoreClass in _eClass_.ePackage.nsURI = 'http://www.muml.org/storydiagram/patterns/1.0.0' and _eClass_.name = 'Constraint') and (let _containmentMF_:ecore::EStructuralFeature = modelFacet.containmentMetaFeature.ecoreFeature in (let _eClass_:ecore::EClass = _containmentMF_.eContainingClass in _eClass_.ePackage.nsURI = 'http://www.muml.org/storydiagram/patterns/1.0.0' and _eClass_.name = 'StoryPattern') and _containmentMF_.name = 'constraint')"/>
  <childNodeTraces
      visualID="3011"
      queryText="(let _eClass_:ecore::EClass = modelFacet.metaClass.ecoreClass in _eClass_.ePackage.nsURI = 'http://www.muml.org/storydiagram/patterns/1.0.0' and _eClass_.name = 'StoryPattern') and (let _containmentMF_:ecore::EStructuralFeature = modelFacet.containmentMetaFeature.ecoreFeature in (let _eClass_:ecore::EClass = _containmentMF_.eContainingClass in _eClass_.ePackage.nsURI = 'http://www.muml.org/storydiagram/verification/sdd/basicsdd/1.0.0' and _eClass_.name = 'StoryPatternNode') and _containmentMF_.name = 'pattern')">
    <compartmentTraces
        visualID="7013"
        queryText="true"/>
    <compartmentTraces
        visualID="7014"
        queryText="true"/>
  </childNodeTraces>
  <linkTraces
      visualID="4001"
      queryText="modelFacet.oclIsKindOf(gmfgen::TypeLinkModelFacet) and (let _eClass_:ecore::EClass = modelFacet.oclAsType(gmfgen::TypeLinkModelFacet).metaClass.ecoreClass in _eClass_.ePackage.nsURI = 'http://www.muml.org/storydiagram/verification/sdd/1.0.0' and _eClass_.name = 'Edge')"/>
  <linkTraces
      visualID="4003"
      queryText="modelFacet.oclIsKindOf(gmfgen::TypeLinkModelFacet) and (let _eClass_:ecore::EClass = modelFacet.oclAsType(gmfgen::TypeLinkModelFacet).metaClass.ecoreClass in _eClass_.ePackage.nsURI = 'http://www.muml.org/storydiagram/patterns/1.0.0' and _eClass_.name = 'LinkVariable')"/>
</trace:TraceModel>
